<svg height="840" width="1650" version="1.1" xmlns="http://www.w3.org/2000/svg"><defs><marker viewBox="0 0 20 20" markerWidth="10" markerHeight="10" orient="auto" refX="0" refY="2.5" id="arr55"><polygon points="0,0,0,5,10,2.5,0,0" fill="rgba(0, 0, 0, 0.87)"></polygon></marker><marker viewBox="0 0 20 20" markerWidth="10" markerHeight="10" orient="auto" refX="0" refY="2.5" id="arr56"><polygon points="0,0,0,5,10,2.5,0,0" fill="rgba(0, 0, 0, 0.87)"></polygon></marker><marker viewBox="0 0 20 20" markerWidth="10" markerHeight="10" orient="auto" refX="0" refY="2.5" id="arr57"><polygon points="0,0,0,5,10,2.5,0,0" fill="rgba(0, 0, 0, 0.87)"></polygon></marker><marker viewBox="0 0 20 20" markerWidth="10" markerHeight="10" orient="auto" refX="0" refY="2.5" id="arr58"><polygon points="0,0,0,5,10,2.5,0,0" fill="rgba(0, 0, 0, 0.87)"></polygon></marker><marker viewBox="0 0 20 20" markerWidth="10" markerHeight="10" orient="auto" refX="0" refY="2.5" id="arr59"><polygon points="0,0,0,5,10,2.5,0,0" fill="rgba(0, 0, 0, 0.87)"></polygon></marker><marker viewBox="0 0 20 20" markerWidth="10" markerHeight="10" orient="auto" refX="0" refY="2.5" id="arr60"><polygon points="0,0,0,5,10,2.5,0,0" fill="rgba(0, 0, 0, 0.87)"></polygon></marker><marker viewBox="0 0 20 20" markerWidth="10" markerHeight="10" orient="auto" refX="0" refY="2.5" id="arr61"><polygon points="0,0,0,5,10,2.5,0,0" fill="rgba(0, 0, 0, 0.87)"></polygon></marker><marker viewBox="0 0 20 20" markerWidth="10" markerHeight="10" orient="auto" refX="0" refY="2.5" id="arr62"><polygon points="0,0,0,5,10,2.5,0,0" fill="rgba(0, 0, 0, 0.87)"></polygon></marker><marker viewBox="0 0 20 20" markerWidth="10" markerHeight="10" orient="auto" refX="0" refY="2.5" id="arr63"><polygon points="0,0,0,5,10,2.5,0,0" fill="rgba(0, 0, 0, 0.87)"></polygon></marker><marker viewBox="0 0 20 20" markerWidth="10" markerHeight="10" orient="auto" refX="0" refY="2.5" id="arr64"><polygon points="0,0,0,5,10,2.5,0,0" fill="rgba(0, 0, 0, 0.87)"></polygon></marker><marker viewBox="0 0 20 20" markerWidth="10" markerHeight="10" orient="auto" refX="0" refY="2.5" id="arr65"><polygon points="0,0,0,5,10,2.5,0,0" fill="rgba(0, 0, 0, 0.87)"></polygon></marker><marker viewBox="0 0 20 20" markerWidth="10" markerHeight="10" orient="auto" refX="0" refY="2.5" id="arr66"><polygon points="0,0,0,5,10,2.5,0,0" fill="rgba(0, 0, 0, 0.87)"></polygon></marker></defs><g transform="matrix(1,0,0,1,0,0)"><rect x="0" y="0" width="1650" height="840" rx="5" ry="5" fill="#fafafa"></rect><g><image href="data:image/svg+xml;base64,PHN2ZyBpZD0iXzEiIGRhdGEtbmFtZT0iMSIgeG1sbnM9Imh0dHA6Ly93d3cudzMub3JnLzIwMDAvc3ZnIiB2aWV3Qm94PSIwIDAgNjQgNjQiPjxkZWZzPjxzdHlsZT4uY2xzLTF7ZmlsbDojZDNkNGYzO30uY2xzLTJ7ZmlsbDojNjY2YmQxO30uY2xzLTN7ZmlsbDojYjZlZWZmO30uY2xzLTR7ZmlsbDojMGNjNWZmO30uY2xzLTV7ZmlsbDojYzhmZmFjO30uY2xzLTZ7ZmlsbDojNDhkNjAxO30uY2xzLTd7ZmlsbDojZjBlY2I2O30uY2xzLTh7ZmlsbDojYzE4ZjM1O30uY2xzLTl7ZmlsbDojZmZlN2U3O30uY2xzLTEwe2ZpbGw6I2ZmM2QzZDt9LmNscy0xMXtmaWxsOiNhZGRmZjM7fS5jbHMtMTJ7ZmlsbDojMjk4MGI5O30uY2xzLTEze2ZpbGw6IzM0NDk1ZTt9LmNscy0xNCwuY2xzLTE1e2ZpbGw6IzUyOGQxOTtzdHJva2U6IzUyOGQxOTtzdHJva2UtbGluZWpvaW46cm91bmQ7fS5jbHMtMTV7c3Ryb2tlLWxpbmVjYXA6cm91bmQ7c3Ryb2tlLXdpZHRoOjJweDt9PC9zdHlsZT48L2RlZnM+PHRpdGxlPmV4X3NvcnQ8L3RpdGxlPjxwYXRoIGNsYXNzPSJjbHMtMSIgZD0iTTEzLjE5LDUwLjk0Yy0xLjM3LDAtMS41LS4xMy0xLjUtMS41di00LjhIMjN2Ni4zWiIvPjxwYXRoIGNsYXNzPSJjbHMtMiIgZD0iTTIyLjQ3LDQ1LjE0djUuM0gxMy4xOWEzLjI1LDMuMjUsMCwwLDEtLjktLjA4aDBhMi4xOCwyLjE4LDAsMCwxLS4xLS45MnYtNC4zSDIyLjQ3bTEtMUgxMS4xOXY1LjNjMCwxLjY1LjM1LDIsMiwySDIzLjQ3di03LjNaIi8+PHJlY3QgY2xhc3M9ImNscy0zIiB4PSIxMS42OSIgeT0iMzguMzEiIHdpZHRoPSIxMS4yOCIgaGVpZ2h0PSI2LjMiLz48cGF0aCBjbGFzcz0iY2xzLTQiIGQ9Ik0yMi40NywzOC44MXY1LjNIMTIuMTl2LTUuM0gyMi40N20xLTFIMTEuMTl2Ny4zSDIzLjQ3di03LjNaIi8+PHJlY3QgY2xhc3M9ImNscy01IiB4PSIxMS42OSIgeT0iMzEuOTciIHdpZHRoPSIxMS4yOCIgaGVpZ2h0PSI2LjMxIi8+PHBhdGggY2xhc3M9ImNscy02IiBkPSJNMjIuNDcsMzIuNDd2NS4zSDEyLjE5di01LjNIMjIuNDdtMS0xSDExLjE5djcuM0gyMy40N3YtNy4zWiIvPjxyZWN0IGNsYXNzPSJjbHMtNyIgeD0iMTEuNjkiIHk9IjI1LjY4IiB3aWR0aD0iMTEuMjgiIGhlaWdodD0iNi4zIi8+PHBhdGggY2xhc3M9ImNscy04IiBkPSJNMjIuNDcsMjYuMTh2NS4zSDEyLjE5di01LjNIMjIuNDdtMS0xSDExLjE5djcuM0gyMy40N3YtNy4zWiIvPjxyZWN0IGNsYXNzPSJjbHMtOSIgeD0iMTEuNjkiIHk9IjE5LjM4IiB3aWR0aD0iMTEuMjgiIGhlaWdodD0iNi4zIi8+PHBhdGggY2xhc3M9ImNscy0xMCIgZD0iTTIyLjQ3LDE5Ljg4djUuM0gxMi4xOXYtNS4zSDIyLjQ3bTEtMUgxMS4xOXY3LjNIMjMuNDd2LTcuM1oiLz48cGF0aCBjbGFzcz0iY2xzLTExIiBkPSJNMTEuNjksMTkuMzZ2LTQuOGMwLTEuMzcuMjItMS40NCwxLjA3LTEuNDlIMjEuOWMuODUsMCwxLjA3LjEyLDEuMDcsMS40OXY0LjhaIi8+PHBhdGggY2xhc3M9ImNscy0xMiIgZD0iTTIxLjg3LDEzLjU2aDBhMi4yNCwyLjI0LDAsMCwxLC41LjA3aDBhMi4yMywyLjIzLDAsMCwxLC4xLjkydjQuM0gxMi4xOXYtNC4zYTMuMDcsMy4wNywwLDAsMSwuMDgtLjksMS4zLDEuMywwLDAsMSwuNTItLjA5aDkuMDhtMS42LTFoMFptMCwwSDEyLjc0Yy0xLjI1LjA3LTEuNTQuNS0xLjU0LDJ2NS4zSDIzLjQ3di01LjNjMC0xLjQ4LS4yOS0xLjkxLTEuNTQtMloiLz48cGF0aCBjbGFzcz0iY2xzLTEzIiBkPSJNMTcuNTEsMjAuOTN2My4zNmgtLjc3VjIwLjkzWiIvPjxwYXRoIGNsYXNzPSJjbHMtMTMiIGQ9Ik0xOS4zMiwyMC45M3YzLjM2aC0uNzdWMjAuOTNaIi8+PHBhdGggY2xhc3M9ImNscy0xMyIgZD0iTTE1LjY3LDIwLjkzdjMuMzZIMTQuOVYyMC45M1oiLz48cGF0aCBjbGFzcz0iY2xzLTEzIiBkPSJNMTcuNTEsMjcuMjJ2My4zNmgtLjc3VjI3LjIyWiIvPjxwYXRoIGNsYXNzPSJjbHMtMTMiIGQ9Ik0xOS4zMiwyNy4yMnYzLjM2aC0uNzdWMjcuMjJaIi8+PHBhdGggY2xhc3M9ImNscy0xMyIgZD0iTTIxLjA3LDI3LjIydjMuMzZIMjAuM1YyNy4yMloiLz48cGF0aCBjbGFzcz0iY2xzLTEzIiBkPSJNMTQsMjcuMjJ2My4zNmgtLjc3VjI3LjIyWiIvPjxwYXRoIGNsYXNzPSJjbHMtMTMiIGQ9Ik0xNS42NywyNy4yMnYzLjM2SDE0LjlWMjcuMjJaIi8+PHBhdGggY2xhc3M9ImNscy0xMyIgZD0iTTE4LjY1LDM5Ljc4djMuMzZoLS43N1YzOS43OFoiLz48cGF0aCBjbGFzcz0iY2xzLTEzIiBkPSJNMjAuNCwzOS43OHYzLjM2aC0uNzdWMzkuNzhaIi8+PHBhdGggY2xhc3M9ImNscy0xMyIgZD0iTTE1LjIzLDM5Ljc4djMuMzZoLS43N1YzOS43OFoiLz48cGF0aCBjbGFzcz0iY2xzLTEzIiBkPSJNMTYuODcsMzkuNzh2My4zNkgxNi4xVjM5Ljc4WiIvPjxwYXRoIGNsYXNzPSJjbHMtMTMiIGQ9Ik0xNy41MSwzMy41OXYzLjM2aC0uNzdWMzMuNTlaIi8+PHBhdGggY2xhc3M9ImNscy0xMyIgZD0iTTE4LjY1LDQ2LjExdjMuMzZoLS43N1Y0Ni4xMVoiLz48cGF0aCBjbGFzcz0iY2xzLTEzIiBkPSJNMTYuODcsNDYuMTF2My4zNkgxNi4xVjQ2LjExWiIvPjxwYXRoIGNsYXNzPSJjbHMtNyIgZD0iTTQyLjUzLDUwLjk0Yy0xLjM3LDAtMS41LS4xMy0xLjUtMS41di00LjhINTIuMzF2Ni4zWiIvPjxwYXRoIGNsYXNzPSJjbHMtOCIgZD0iTTUxLjgxLDQ1LjE0djUuM0g0Mi41M2EzLjI2LDMuMjYsMCwwLDEtLjktLjA4aDBhMi4xOCwyLjE4LDAsMCwxLS4xLS45MnYtNC4zSDUxLjgxbTEtMUg0MC41M3Y1LjNjMCwxLjY1LjM1LDIsMiwySDUyLjgxdi03LjNaIi8+PHJlY3QgY2xhc3M9ImNscy0zIiB4PSI0MS4wMyIgeT0iMzguMzEiIHdpZHRoPSIxMS4yOCIgaGVpZ2h0PSI2LjMiLz48cGF0aCBjbGFzcz0iY2xzLTQiIGQ9Ik01MS44MSwzOC44MXY1LjNINDEuNTN2LTUuM0g1MS44MW0xLTFINDAuNTN2Ny4zSDUyLjgxdi03LjNaIi8+PHJlY3QgY2xhc3M9ImNscy05IiB4PSI0MS4wMyIgeT0iMzEuOTciIHdpZHRoPSIxMS4yOCIgaGVpZ2h0PSI2LjMxIi8+PHBhdGggY2xhc3M9ImNscy0xMCIgZD0iTTUxLjgxLDMyLjQ3djUuM0g0MS41M3YtNS4zSDUxLjgxbTEtMUg0MC41M3Y3LjNINTIuODF2LTcuM1oiLz48cmVjdCBjbGFzcz0iY2xzLTEiIHg9IjQxLjAzIiB5PSIyNS42OCIgd2lkdGg9IjExLjI4IiBoZWlnaHQ9IjYuMyIvPjxwYXRoIGNsYXNzPSJjbHMtMiIgZD0iTTUxLjgxLDI2LjE4djUuM0g0MS41M3YtNS4zSDUxLjgxbTEtMUg0MC41M3Y3LjNINTIuODF2LTcuM1oiLz48cmVjdCBjbGFzcz0iY2xzLTUiIHg9IjQxLjAzIiB5PSIxOS4zOCIgd2lkdGg9IjExLjI4IiBoZWlnaHQ9IjYuMyIvPjxwYXRoIGNsYXNzPSJjbHMtNiIgZD0iTTUxLjgxLDE5Ljg4djUuM0g0MS41M3YtNS4zSDUxLjgxbTEtMUg0MC41M3Y3LjNINTIuODF2LTcuM1oiLz48cGF0aCBjbGFzcz0iY2xzLTExIiBkPSJNNDEsMTkuMzZ2LTQuOGMwLTEuMzcuMjItMS40NCwxLjA3LTEuNDloOS4xNGMuODUsMCwxLjA3LjEyLDEuMDcsMS40OXY0LjhaIi8+PHBhdGggY2xhc3M9ImNscy0xMiIgZD0iTTUxLjIxLDEzLjU2aDBhMi4yNCwyLjI0LDAsMCwxLC41LjA3aDBhMi4yMywyLjIzLDAsMCwxLC4xLjkydjQuM0g0MS41M3YtNC4zYTMuMDcsMy4wNywwLDAsMSwuMDgtLjksMS4zLDEuMywwLDAsMSwuNTItLjA5aDkuMDhtMS42LTFoMFptMCwwSDQyLjA3Yy0xLjI1LjA3LTEuNTQuNS0xLjU0LDJ2NS4zSDUyLjgxdi01LjNjMC0xLjQ4LS4yOS0xLjkxLTEuNTQtMloiLz48cGF0aCBjbGFzcz0iY2xzLTEzIiBkPSJNNDYuODQsMzMuNDRWMzYuOGgtLjc3VjMzLjQ0WiIvPjxwYXRoIGNsYXNzPSJjbHMtMTMiIGQ9Ik00OC42NiwzMy40NFYzNi44aC0uNzdWMzMuNDRaIi8+PHBhdGggY2xhc3M9ImNscy0xMyIgZD0iTTQ1LDMzLjQ0VjM2LjhoLS43N1YzMy40NFoiLz48cGF0aCBjbGFzcz0iY2xzLTEzIiBkPSJNNDYuODQsNDYuMTF2My4zNmgtLjc3VjQ2LjExWiIvPjxwYXRoIGNsYXNzPSJjbHMtMTMiIGQ9Ik00OC42Niw0Ni4xMXYzLjM2aC0uNzdWNDYuMTFaIi8+PHBhdGggY2xhc3M9ImNscy0xMyIgZD0iTTUwLjQxLDQ2LjExdjMuMzZoLS43N1Y0Ni4xMVoiLz48cGF0aCBjbGFzcz0iY2xzLTEzIiBkPSJNNDMuMzYsNDYuMTF2My4zNmgtLjc3VjQ2LjExWiIvPjxwYXRoIGNsYXNzPSJjbHMtMTMiIGQ9Ik00NSw0Ni4xMXYzLjM2aC0uNzdWNDYuMTFaIi8+PHBhdGggY2xhc3M9ImNscy0xMyIgZD0iTTQ4LDM5Ljc4djMuMzZoLS43N1YzOS43OFoiLz48cGF0aCBjbGFzcz0iY2xzLTEzIiBkPSJNNDkuNzMsMzkuNzh2My4zNkg0OVYzOS43OFoiLz48cGF0aCBjbGFzcz0iY2xzLTEzIiBkPSJNNDQuNTcsMzkuNzh2My4zNkg0My44VjM5Ljc4WiIvPjxwYXRoIGNsYXNzPSJjbHMtMTMiIGQ9Ik00Ni4yLDM5Ljc4djMuMzZoLS43N1YzOS43OFoiLz48cGF0aCBjbGFzcz0iY2xzLTEzIiBkPSJNNDYuODQsMjAuODV2My4zNmgtLjc3VjIwLjg1WiIvPjxwYXRoIGNsYXNzPSJjbHMtMTMiIGQ9Ik00Ny43MywyNy4yMnYzLjM2SDQ3VjI3LjIyWiIvPjxwYXRoIGNsYXNzPSJjbHMtMTMiIGQ9Ik00NiwyNy4yMnYzLjM2aC0uNzdWMjcuMjJaIi8+PHBvbHlnb24gY2xhc3M9ImNscy0xNCIgcG9pbnRzPSIzNy4zOCAzMiAzNCAyOS40NyAzNCAzNC41MyAzNy4zOCAzMiIvPjxsaW5lIGNsYXNzPSJjbHMtMTUiIHgxPSIzMy43MiIgeTE9IjMyIiB4Mj0iMjYuNjIiIHkyPSIzMiIvPjwvc3ZnPg==" preserveAspectRatio="none" x="1550" y="50" width="50" height="50" style="cursor:pointer"><title>Node Type: Sort
Parallel Aware: false
Async Capable: false
Startup Cost: 34248.94
Total Cost: 34348.65
Plan Rows: 39887
Plan Width: 467
Actual Startup Time: 113.428
Actual Total Time: 128.057
Actual Rows: 40000
Actual Loops: 1
Sort Key: ma.descripcion,tr."nroAvion",fa.descripcion
Sort Method: external merge
Sort Space Used: 6816
Sort Space Type: Disk
loops: 1
inclusive: 128.057
exclusive: 48.856
inclusive_factor: 1
inclusive_flag: 4
rowsx: 1.01
rowsx_direction: negative
rowsx_flag: 1
exclusive_factor: 0.38151760544132696
exclusive_flag: 2
</title></image><text x="1580" y="120" fill="rgba(0, 0, 0, 0.87)" style="font-size:15px;text-anchor:middle"><tspan>Sort</tspan></text></g><g><image href="data:image/svg+xml;base64,PHN2ZyBpZD0iXzEiIGRhdGEtbmFtZT0iMSIgeG1sbnM9Imh0dHA6Ly93d3cudzMub3JnLzIwMDAvc3ZnIiB2aWV3Qm94PSIwIDAgNjQgNjQiPjxkZWZzPjxzdHlsZT4uY2xzLTEsLmNscy0xMCwuY2xzLTExe2ZpbGw6I2QzZDRmMzt9LmNscy0ye2ZpbGw6IzY2NmJkMTt9LmNscy0ze2ZpbGw6I2FkZGZmMzt9LmNscy00e2ZpbGw6IzI5ODBiOTt9LmNscy01e29wYWNpdHk6MC43O30uY2xzLTEyLC5jbHMtNntmaWxsOm5vbmU7fS5jbHMtMTAsLmNscy0xMSwuY2xzLTZ7c3Ryb2tlOiM2NjZiZDE7fS5jbHMtMTIsLmNscy0xNCwuY2xzLTE1LC5jbHMtNntzdHJva2UtbGluZWpvaW46cm91bmQ7fS5jbHMtN3tmaWxsOiNmMGVjYjY7fS5jbHMtOHtmaWxsOiNjMThmMzU7fS5jbHMtOXtmaWxsOiM3MmNlZWU7c3Ryb2tlOiMyOTgwYjk7fS5jbHMtMTUsLmNscy05e3N0cm9rZS1saW5lY2FwOnJvdW5kO30uY2xzLTEwLC5jbHMtMTEsLmNscy05e3N0cm9rZS1taXRlcmxpbWl0OjEwO30uY2xzLTExLC5jbHMtMTJ7b3BhY2l0eTowLjg7fS5jbHMtMTJ7c3Ryb2tlOiNjMThmMzU7fS5jbHMtMTN7ZmlsbDojYzAwO30uY2xzLTE0LC5jbHMtMTV7ZmlsbDojNTI4ZDE5O3N0cm9rZTojNTI4ZDE5O30uY2xzLTE1e3N0cm9rZS13aWR0aDoycHg7fTwvc3R5bGU+PC9kZWZzPjx0aXRsZT5leF9oYXNoPC90aXRsZT48cGF0aCBjbGFzcz0iY2xzLTEiIGQ9Ik0xMC4zOCw1Ni41Yy0xLjM3LDAtMS41LS4xMy0xLjUtMS41VjE1LjVoOVY1NWMwLDEuMzctLjEzLDEuNS0xLjUsMS41WiIvPjxwYXRoIGNsYXNzPSJjbHMtMiIgZD0iTTE3LjM2LDE2VjU1YTMuMjgsMy4yOCwwLDAsMS0uMDguOSwyLjE4LDIuMTgsMCwwLDEtLjkyLjFoLTZhMy4yNSwzLjI1LDAsMCwxLS45LS4wOGgwYTIuMTcsMi4xNywwLDAsMS0uMS0uOTJWMTZoOG0xLTFoLTEwVjU1YzAsMS42NS4zNSwyLDIsMmg2YzEuNjUsMCwyLS4zNSwyLTJWMTVaIi8+PHBhdGggY2xhc3M9ImNscy0zIiBkPSJNOC44OCwxNS41VjljMC0xLjM3LjEzLTEuNSwxLjUtMS41aDZjMS4zNywwLDEuNS4xMywxLjUsMS41djYuNVoiLz48cGF0aCBjbGFzcz0iY2xzLTQiIGQ9Ik0xNi4zNiw4YTMuMjUsMy4yNSwwLDAsMSwuOS4wOGgwYTIuMTcsMi4xNywwLDAsMSwuMS45MnY2aC04VjlhMy4yOCwzLjI4LDAsMCwxLC4wOC0uOSwyLjE4LDIuMTgsMCwwLDEsLjkyLS4xaDZtMC0xaC02Yy0xLjY1LDAtMiwuMzUtMiwydjdoMTBWOWMwLTEuNjUtLjM1LTItMi0yWiIvPjxnIGNsYXNzPSJjbHMtNSI+PGxpbmUgY2xhc3M9ImNscy02IiB4MT0iOS4zOSIgeTE9IjIzLjc0IiB4Mj0iMTcuMzUiIHkyPSIyMy43NCIvPjxsaW5lIGNsYXNzPSJjbHMtNiIgeDE9IjkuMzkiIHkxPSIzMS40OSIgeDI9IjE3LjM1IiB5Mj0iMzEuNDkiLz48bGluZSBjbGFzcz0iY2xzLTYiIHgxPSI5LjM5IiB5MT0iMzkuMjMiIHgyPSIxNy4zNSIgeTI9IjM5LjIzIi8+PGxpbmUgY2xhc3M9ImNscy02IiB4MT0iOS4zOSIgeTE9IjQ2Ljk3IiB4Mj0iMTcuMzUiIHkyPSI0Ni45NyIvPjwvZz48cGF0aCBjbGFzcz0iY2xzLTEiIGQ9Ik00Ny40LDQ2LjIydi0yOGg2LjIyYzEuMzcsMCwxLjUuMTMsMS41LDEuNXYyNWMwLDEuMzctLjEzLDEuNS0xLjUsMS41WiIvPjxwYXRoIGNsYXNzPSJjbHMtMiIgZD0iTTUzLjYyLDE4LjcyYTMuMjUsMy4yNSwwLDAsMSwuOS4wOGgwYTIuMTgsMi4xOCwwLDAsMSwuMS45MnYyNWEzLjI4LDMuMjgsMCwwLDEtLjA4LjksMi4xOCwyLjE4LDAsMCwxLS45Mi4xSDQ3Ljl2LTI3aDUuNzJtMC0xSDQ2Ljl2MjloNi43MmMxLjY1LDAsMi0uMzUsMi0ydi0yNWMwLTEuNjUtLjM1LTItMi0yWiIvPjxwYXRoIGNsYXNzPSJjbHMtNyIgZD0iTTI2LjY0LDQ2LjIyYy0xLjM3LDAtMS41LS4xMy0xLjUtMS41VjI0LjIySDQ3LjQydjIyWiIvPjxwYXRoIGNsYXNzPSJjbHMtOCIgZD0iTTQ2LjkyLDI0LjcydjIxSDI2LjY0YTMuMjUsMy4yNSwwLDAsMS0uOS0uMDhoMGEyLjE4LDIuMTgsMCwwLDEtLjEtLjkydi0yMEg0Ni45Mm0xLTFIMjQuNjR2MjFjMCwxLjY1LjM1LDIsMiwySDQ3Ljkydi0yM1oiLz48cGF0aCBjbGFzcz0iY2xzLTMiIGQ9Ik0yNS4xNCwyNC4yMnYtNC41YzAtMS4zNy4xMy0xLjUsMS41LTEuNUg0Ny40MnY2WiIvPjxwYXRoIGNsYXNzPSJjbHMtNCIgZD0iTTQ2LjkyLDE4LjcydjVIMjUuNjR2LTRhMy4yOCwzLjI4LDAsMCwxLC4wOC0uOSwyLjE4LDIuMTgsMCwwLDEsLjkyLS4xSDQ2LjkybTEtMUgyNi42NGMtMS42NSwwLTIsLjM1LTIsMnY1SDQ3Ljkydi03WiIvPjxsaW5lIGNsYXNzPSJjbHMtOSIgeDE9IjMyLjYiIHkxPSIyNC4wNSIgeDI9IjMyLjYiIHkyPSIxOC4yNCIvPjxsaW5lIGNsYXNzPSJjbHMtMTAiIHgxPSI1NSIgeTE9IjI0LjIyIiB4Mj0iNDcuOTIiIHkyPSIyNC4yMiIvPjxsaW5lIGNsYXNzPSJjbHMtMTEiIHgxPSI1NSIgeTE9IjMxLjQ5IiB4Mj0iNDcuOTIiIHkyPSIzMS40OSIvPjxsaW5lIGNsYXNzPSJjbHMtMTEiIHgxPSI1NSIgeTE9IjM4Ljk2IiB4Mj0iNDcuOTIiIHkyPSIzOC45NiIvPjxsaW5lIGNsYXNzPSJjbHMtOSIgeDE9IjQwLjM1IiB5MT0iMjQuMDUiIHgyPSI0MC4zNSIgeTI9IjE4LjI0Ii8+PGxpbmUgY2xhc3M9ImNscy0xMiIgeDE9IjMyLjYiIHkxPSI0Ni4wNSIgeDI9IjMyLjYiIHkyPSIyNC43MiIvPjxsaW5lIGNsYXNzPSJjbHMtMTIiIHgxPSI0MC4zNSIgeTE9IjQ2LjA1IiB4Mj0iNDAuMzUiIHkyPSIyNC43MiIvPjxsaW5lIGNsYXNzPSJjbHMtMTIiIHgxPSIyNS4xNyIgeTE9IjMxLjU3IiB4Mj0iNDcuNDIiIHkyPSIzMS41NyIvPjxsaW5lIGNsYXNzPSJjbHMtMTIiIHgxPSIyNS4xNyIgeTE9IjM4Ljk2IiB4Mj0iNDcuNDIiIHkyPSIzOC45NiIvPjxwYXRoIGNsYXNzPSJjbHMtMTMiIGQ9Ik0xMC4yNywzMi44Nmg2LjM4VjM4SDEwLjI3WiIvPjxwYXRoIGNsYXNzPSJjbHMtMTMiIGQ9Ik0zMy44MSwzMi43MWg1LjR2NS4yM2gtNS40WiIvPjxwb2x5Z29uIGNsYXNzPSJjbHMtMTQiIHBvaW50cz0iMzMuNDMgMzUuNTMgMzAuMDUgMzMgMzAuMDUgMzguMDYgMzMuNDMgMzUuNTMiLz48bGluZSBjbGFzcz0iY2xzLTE1IiB4MT0iMjkuNzciIHkxPSIzNS41MyIgeDI9IjE5LjMzIiB5Mj0iMzUuNTMiLz48cG9seWdvbiBjbGFzcz0iY2xzLTE0IiBwb2ludHM9IjM2Ljg0IDcuNjcgMzQuMzEgMTEuMDUgMzkuMzcgMTEuMDUgMzYuODQgNy42NyIvPjxsaW5lIGNsYXNzPSJjbHMtMTUiIHgxPSIzNi44NCIgeTE9IjExLjMzIiB4Mj0iMzYuODQiIHkyPSIzMC43NyIvPjwvc3ZnPg==" preserveAspectRatio="none" x="1250" y="50" width="50" height="50" style="cursor:pointer"><title>Node Type: Hash Join
Parent Relationship: Outer
Parallel Aware: false
Async Capable: false
Join Type: Inner
Startup Cost: 3.07
Total Cost: 22744.85
Plan Rows: 39887
Plan Width: 467
Actual Startup Time: 0.167
Actual Total Time: 79.201
Actual Rows: 40000
Actual Loops: 1
Inner Unique: true
Hash Cond: (tr."dniTrabajador" = tra.dni)
loops: 1
inclusive: 79.201
exclusive: 6.491
inclusive_factor: 0.618482394558673
inclusive_flag: 3
rowsx: 1.01
rowsx_direction: negative
rowsx_flag: 1
exclusive_factor: 0.050688365337310734
exclusive_flag: 1
</title></image><text x="1280" y="120" fill="rgba(0, 0, 0, 0.87)" style="font-size:15px;text-anchor:middle"><tspan>Hash Inner Join</tspan></text><line x1="1325" x2="1388.3333333333333" y1="75" y2="75" stroke="rgba(0, 0, 0, 0.87)" stroke-width="11"></line><line x1="1387.3333333333333" x2="1451.6666666666667" y1="75" y2="75" stroke="rgba(0, 0, 0, 0.87)" stroke-width="11"></line><line x1="1451.6666666666667" x2="1515" y1="75" y2="75" stroke="rgba(0, 0, 0, 0.87)" stroke-width="11" style="marker-end:url(&quot;#arr56&quot;)"></line></g><g><image href="data:image/svg+xml;base64,PHN2ZyBpZD0iXzEiIGRhdGEtbmFtZT0iMSIgeG1sbnM9Imh0dHA6Ly93d3cudzMub3JnLzIwMDAvc3ZnIiB2aWV3Qm94PSIwIDAgNjQgNjQiPjxkZWZzPjxzdHlsZT4uY2xzLTEsLmNscy0xMCwuY2xzLTExe2ZpbGw6I2QzZDRmMzt9LmNscy0ye2ZpbGw6IzY2NmJkMTt9LmNscy0ze2ZpbGw6I2FkZGZmMzt9LmNscy00e2ZpbGw6IzI5ODBiOTt9LmNscy01e29wYWNpdHk6MC43O30uY2xzLTEyLC5jbHMtNntmaWxsOm5vbmU7fS5jbHMtMTAsLmNscy0xMSwuY2xzLTZ7c3Ryb2tlOiM2NjZiZDE7fS5jbHMtMTIsLmNscy0xNCwuY2xzLTE1LC5jbHMtNntzdHJva2UtbGluZWpvaW46cm91bmQ7fS5jbHMtN3tmaWxsOiNmMGVjYjY7fS5jbHMtOHtmaWxsOiNjMThmMzU7fS5jbHMtOXtmaWxsOiM3MmNlZWU7c3Ryb2tlOiMyOTgwYjk7fS5jbHMtMTUsLmNscy05e3N0cm9rZS1saW5lY2FwOnJvdW5kO30uY2xzLTEwLC5jbHMtMTEsLmNscy05e3N0cm9rZS1taXRlcmxpbWl0OjEwO30uY2xzLTExLC5jbHMtMTJ7b3BhY2l0eTowLjg7fS5jbHMtMTJ7c3Ryb2tlOiNjMThmMzU7fS5jbHMtMTN7ZmlsbDojYzAwO30uY2xzLTE0LC5jbHMtMTV7ZmlsbDojNTI4ZDE5O3N0cm9rZTojNTI4ZDE5O30uY2xzLTE1e3N0cm9rZS13aWR0aDoycHg7fTwvc3R5bGU+PC9kZWZzPjx0aXRsZT5leF9oYXNoPC90aXRsZT48cGF0aCBjbGFzcz0iY2xzLTEiIGQ9Ik0xMC4zOCw1Ni41Yy0xLjM3LDAtMS41LS4xMy0xLjUtMS41VjE1LjVoOVY1NWMwLDEuMzctLjEzLDEuNS0xLjUsMS41WiIvPjxwYXRoIGNsYXNzPSJjbHMtMiIgZD0iTTE3LjM2LDE2VjU1YTMuMjgsMy4yOCwwLDAsMS0uMDguOSwyLjE4LDIuMTgsMCwwLDEtLjkyLjFoLTZhMy4yNSwzLjI1LDAsMCwxLS45LS4wOGgwYTIuMTcsMi4xNywwLDAsMS0uMS0uOTJWMTZoOG0xLTFoLTEwVjU1YzAsMS42NS4zNSwyLDIsMmg2YzEuNjUsMCwyLS4zNSwyLTJWMTVaIi8+PHBhdGggY2xhc3M9ImNscy0zIiBkPSJNOC44OCwxNS41VjljMC0xLjM3LjEzLTEuNSwxLjUtMS41aDZjMS4zNywwLDEuNS4xMywxLjUsMS41djYuNVoiLz48cGF0aCBjbGFzcz0iY2xzLTQiIGQ9Ik0xNi4zNiw4YTMuMjUsMy4yNSwwLDAsMSwuOS4wOGgwYTIuMTcsMi4xNywwLDAsMSwuMS45MnY2aC04VjlhMy4yOCwzLjI4LDAsMCwxLC4wOC0uOSwyLjE4LDIuMTgsMCwwLDEsLjkyLS4xaDZtMC0xaC02Yy0xLjY1LDAtMiwuMzUtMiwydjdoMTBWOWMwLTEuNjUtLjM1LTItMi0yWiIvPjxnIGNsYXNzPSJjbHMtNSI+PGxpbmUgY2xhc3M9ImNscy02IiB4MT0iOS4zOSIgeTE9IjIzLjc0IiB4Mj0iMTcuMzUiIHkyPSIyMy43NCIvPjxsaW5lIGNsYXNzPSJjbHMtNiIgeDE9IjkuMzkiIHkxPSIzMS40OSIgeDI9IjE3LjM1IiB5Mj0iMzEuNDkiLz48bGluZSBjbGFzcz0iY2xzLTYiIHgxPSI5LjM5IiB5MT0iMzkuMjMiIHgyPSIxNy4zNSIgeTI9IjM5LjIzIi8+PGxpbmUgY2xhc3M9ImNscy02IiB4MT0iOS4zOSIgeTE9IjQ2Ljk3IiB4Mj0iMTcuMzUiIHkyPSI0Ni45NyIvPjwvZz48cGF0aCBjbGFzcz0iY2xzLTEiIGQ9Ik00Ny40LDQ2LjIydi0yOGg2LjIyYzEuMzcsMCwxLjUuMTMsMS41LDEuNXYyNWMwLDEuMzctLjEzLDEuNS0xLjUsMS41WiIvPjxwYXRoIGNsYXNzPSJjbHMtMiIgZD0iTTUzLjYyLDE4LjcyYTMuMjUsMy4yNSwwLDAsMSwuOS4wOGgwYTIuMTgsMi4xOCwwLDAsMSwuMS45MnYyNWEzLjI4LDMuMjgsMCwwLDEtLjA4LjksMi4xOCwyLjE4LDAsMCwxLS45Mi4xSDQ3Ljl2LTI3aDUuNzJtMC0xSDQ2Ljl2MjloNi43MmMxLjY1LDAsMi0uMzUsMi0ydi0yNWMwLTEuNjUtLjM1LTItMi0yWiIvPjxwYXRoIGNsYXNzPSJjbHMtNyIgZD0iTTI2LjY0LDQ2LjIyYy0xLjM3LDAtMS41LS4xMy0xLjUtMS41VjI0LjIySDQ3LjQydjIyWiIvPjxwYXRoIGNsYXNzPSJjbHMtOCIgZD0iTTQ2LjkyLDI0LjcydjIxSDI2LjY0YTMuMjUsMy4yNSwwLDAsMS0uOS0uMDhoMGEyLjE4LDIuMTgsMCwwLDEtLjEtLjkydi0yMEg0Ni45Mm0xLTFIMjQuNjR2MjFjMCwxLjY1LjM1LDIsMiwySDQ3Ljkydi0yM1oiLz48cGF0aCBjbGFzcz0iY2xzLTMiIGQ9Ik0yNS4xNCwyNC4yMnYtNC41YzAtMS4zNy4xMy0xLjUsMS41LTEuNUg0Ny40MnY2WiIvPjxwYXRoIGNsYXNzPSJjbHMtNCIgZD0iTTQ2LjkyLDE4LjcydjVIMjUuNjR2LTRhMy4yOCwzLjI4LDAsMCwxLC4wOC0uOSwyLjE4LDIuMTgsMCwwLDEsLjkyLS4xSDQ2LjkybTEtMUgyNi42NGMtMS42NSwwLTIsLjM1LTIsMnY1SDQ3Ljkydi03WiIvPjxsaW5lIGNsYXNzPSJjbHMtOSIgeDE9IjMyLjYiIHkxPSIyNC4wNSIgeDI9IjMyLjYiIHkyPSIxOC4yNCIvPjxsaW5lIGNsYXNzPSJjbHMtMTAiIHgxPSI1NSIgeTE9IjI0LjIyIiB4Mj0iNDcuOTIiIHkyPSIyNC4yMiIvPjxsaW5lIGNsYXNzPSJjbHMtMTEiIHgxPSI1NSIgeTE9IjMxLjQ5IiB4Mj0iNDcuOTIiIHkyPSIzMS40OSIvPjxsaW5lIGNsYXNzPSJjbHMtMTEiIHgxPSI1NSIgeTE9IjM4Ljk2IiB4Mj0iNDcuOTIiIHkyPSIzOC45NiIvPjxsaW5lIGNsYXNzPSJjbHMtOSIgeDE9IjQwLjM1IiB5MT0iMjQuMDUiIHgyPSI0MC4zNSIgeTI9IjE4LjI0Ii8+PGxpbmUgY2xhc3M9ImNscy0xMiIgeDE9IjMyLjYiIHkxPSI0Ni4wNSIgeDI9IjMyLjYiIHkyPSIyNC43MiIvPjxsaW5lIGNsYXNzPSJjbHMtMTIiIHgxPSI0MC4zNSIgeTE9IjQ2LjA1IiB4Mj0iNDAuMzUiIHkyPSIyNC43MiIvPjxsaW5lIGNsYXNzPSJjbHMtMTIiIHgxPSIyNS4xNyIgeTE9IjMxLjU3IiB4Mj0iNDcuNDIiIHkyPSIzMS41NyIvPjxsaW5lIGNsYXNzPSJjbHMtMTIiIHgxPSIyNS4xNyIgeTE9IjM4Ljk2IiB4Mj0iNDcuNDIiIHkyPSIzOC45NiIvPjxwYXRoIGNsYXNzPSJjbHMtMTMiIGQ9Ik0xMC4yNywzMi44Nmg2LjM4VjM4SDEwLjI3WiIvPjxwYXRoIGNsYXNzPSJjbHMtMTMiIGQ9Ik0zMy44MSwzMi43MWg1LjR2NS4yM2gtNS40WiIvPjxwb2x5Z29uIGNsYXNzPSJjbHMtMTQiIHBvaW50cz0iMzMuNDMgMzUuNTMgMzAuMDUgMzMgMzAuMDUgMzguMDYgMzMuNDMgMzUuNTMiLz48bGluZSBjbGFzcz0iY2xzLTE1IiB4MT0iMjkuNzciIHkxPSIzNS41MyIgeDI9IjE5LjMzIiB5Mj0iMzUuNTMiLz48cG9seWdvbiBjbGFzcz0iY2xzLTE0IiBwb2ludHM9IjM2Ljg0IDcuNjcgMzQuMzEgMTEuMDUgMzkuMzcgMTEuMDUgMzYuODQgNy42NyIvPjxsaW5lIGNsYXNzPSJjbHMtMTUiIHgxPSIzNi44NCIgeTE9IjExLjMzIiB4Mj0iMzYuODQiIHkyPSIzMC43NyIvPjwvc3ZnPg==" preserveAspectRatio="none" x="950" y="50" width="50" height="50" style="cursor:pointer"><title>Node Type: Hash Join
Parent Relationship: Outer
Parallel Aware: false
Async Capable: false
Join Type: Inner
Startup Cost: 1.96
Total Cost: 22550.29
Plan Rows: 39887
Plan Width: 267
Actual Startup Time: 0.149
Actual Total Time: 72.697
Actual Rows: 40000
Actual Loops: 1
Inner Unique: true
Hash Cond: (tr."tipoFallaReparada" = fa."tipoFalla")
loops: 1
inclusive: 72.697
exclusive: 6.729
inclusive_factor: 0.567692511928282
inclusive_flag: 3
rowsx: 1.01
rowsx_direction: negative
rowsx_flag: 1
exclusive_factor: 0.05254691270293698
exclusive_flag: 1
</title></image><text x="980" y="120" fill="rgba(0, 0, 0, 0.87)" style="font-size:15px;text-anchor:middle"><tspan>Hash Inner Join</tspan></text><line x1="1025" x2="1088.3333333333333" y1="75" y2="75" stroke="rgba(0, 0, 0, 0.87)" stroke-width="11"></line><line x1="1087.3333333333333" x2="1151.6666666666667" y1="75" y2="75" stroke="rgba(0, 0, 0, 0.87)" stroke-width="11"></line><line x1="1151.6666666666667" x2="1215" y1="75" y2="75" stroke="rgba(0, 0, 0, 0.87)" stroke-width="11" style="marker-end:url(&quot;#arr57&quot;)"></line></g><g><image href="data:image/svg+xml;base64,PHN2ZyBpZD0iXzEiIGRhdGEtbmFtZT0iMSIgeG1sbnM9Imh0dHA6Ly93d3cudzMub3JnLzIwMDAvc3ZnIiB2aWV3Qm94PSIwIDAgNjQgNjQiPjxkZWZzPjxzdHlsZT4uY2xzLTEsLmNscy0ze2ZpbGw6bm9uZTtzdHJva2UtbGluZWNhcDpyb3VuZDtzdHJva2UtbGluZWpvaW46cm91bmQ7c3Ryb2tlLXdpZHRoOjJweDt9LmNscy0xe3N0cm9rZTojNjY2YmQxO30uY2xzLTJ7ZmlsbDojNjY2YmQxO30uY2xzLTN7c3Ryb2tlOiM4ZDgxMTk7fS5jbHMtNHtmaWxsOiM4ZDgxMTk7fTwvc3R5bGU+PC9kZWZzPjx0aXRsZT5leF9uZXN0ZWQ8L3RpdGxlPjxwYXRoIGNsYXNzPSJjbHMtMSIgZD0iTTE3LjIzLDIwYTYsNiwwLDAsMSw2LTZoMjJhNiw2LDAsMCwxLDYsNlY0NGE2LDYsMCwwLDEtNiw2aC0yMmE2LDYsMCwwLDEtNi02VjMyLjI3Ii8+PHBvbHlnb24gY2xhc3M9ImNscy0yIiBwb2ludHM9IjE3LjIzIDI3LjMxIDEyLjc3IDMzLjI2IDIxLjY4IDMzLjI2IDE3LjIzIDI3LjMxIi8+PHBhdGggY2xhc3M9ImNscy0zIiBkPSJNMjQuMjMsMjVjMC0zLjMuNy00LDQtNGgxMmMzLjMsMCw0LC43LDQsNFYzOWMwLDMuMy0uNyw0LTQsNEgyOC43MmMtMy4zLDAtNC0uNy00LTRWMzMuNzIiLz48cG9seWdvbiBjbGFzcz0iY2xzLTQiIHBvaW50cz0iMjQuNjcgMzEuMzQgMjAuNzEgMzYuMSAyOC4yMyAzNi4xIDI0LjY3IDMxLjM0Ii8+PC9zdmc+" preserveAspectRatio="none" x="650" y="50" width="50" height="50" style="cursor:pointer"><title>Node Type: Nested Loop
Parent Relationship: Outer
Parallel Aware: false
Async Capable: false
Join Type: Inner
Startup Cost: 0.87
Total Cost: 22333.55
Plan Rows: 39887
Plan Width: 67
Actual Startup Time: 0.136
Actual Total Time: 65.96
Actual Rows: 40000
Actual Loops: 1
Inner Unique: false
loops: 1
inclusive: 65.96
exclusive: 56.29
inclusive_factor: 0.5150831270449878
inclusive_flag: 3
rowsx: 1.01
rowsx_direction: negative
rowsx_flag: 1
exclusive_factor: 0.4395698790382408
exclusive_flag: 2
</title></image><text x="680" y="120" fill="rgba(0, 0, 0, 0.87)" style="font-size:15px;text-anchor:middle"><tspan>Nested Loop Inner</tspan><tspan dy="1.2em" x="680">Join</tspan></text><line x1="725" x2="788.3333333333334" y1="75" y2="75" stroke="rgba(0, 0, 0, 0.87)" stroke-width="11"></line><line x1="787.3333333333334" x2="851.6666666666666" y1="75" y2="75" stroke="rgba(0, 0, 0, 0.87)" stroke-width="11"></line><line x1="851.6666666666666" x2="915" y1="75" y2="75" stroke="rgba(0, 0, 0, 0.87)" stroke-width="11" style="marker-end:url(&quot;#arr58&quot;)"></line></g><g><image href="data:image/svg+xml;base64,PHN2ZyBpZD0iXzEiIGRhdGEtbmFtZT0iMSIgeG1sbnM9Imh0dHA6Ly93d3cudzMub3JnLzIwMDAvc3ZnIiB2aWV3Qm94PSIwIDAgNjQgNjQiPjxkZWZzPjxzdHlsZT4uY2xzLTEsLmNscy0ze2ZpbGw6bm9uZTtzdHJva2UtbGluZWNhcDpyb3VuZDtzdHJva2UtbGluZWpvaW46cm91bmQ7c3Ryb2tlLXdpZHRoOjJweDt9LmNscy0xe3N0cm9rZTojNjY2YmQxO30uY2xzLTJ7ZmlsbDojNjY2YmQxO30uY2xzLTN7c3Ryb2tlOiM4ZDgxMTk7fS5jbHMtNHtmaWxsOiM4ZDgxMTk7fTwvc3R5bGU+PC9kZWZzPjx0aXRsZT5leF9uZXN0ZWQ8L3RpdGxlPjxwYXRoIGNsYXNzPSJjbHMtMSIgZD0iTTE3LjIzLDIwYTYsNiwwLDAsMSw2LTZoMjJhNiw2LDAsMCwxLDYsNlY0NGE2LDYsMCwwLDEtNiw2aC0yMmE2LDYsMCwwLDEtNi02VjMyLjI3Ii8+PHBvbHlnb24gY2xhc3M9ImNscy0yIiBwb2ludHM9IjE3LjIzIDI3LjMxIDEyLjc3IDMzLjI2IDIxLjY4IDMzLjI2IDE3LjIzIDI3LjMxIi8+PHBhdGggY2xhc3M9ImNscy0zIiBkPSJNMjQuMjMsMjVjMC0zLjMuNy00LDQtNGgxMmMzLjMsMCw0LC43LDQsNFYzOWMwLDMuMy0uNyw0LTQsNEgyOC43MmMtMy4zLDAtNC0uNy00LTRWMzMuNzIiLz48cG9seWdvbiBjbGFzcz0iY2xzLTQiIHBvaW50cz0iMjQuNjcgMzEuMzQgMjAuNzEgMzYuMSAyOC4yMyAzNi4xIDI0LjY3IDMxLjM0Ii8+PC9zdmc+" preserveAspectRatio="none" x="350" y="50" width="50" height="50" style="cursor:pointer"><title>Node Type: Nested Loop
Parent Relationship: Outer
Parallel Aware: false
Async Capable: false
Join Type: Inner
Startup Cost: 0.43
Total Cost: 2432.07
Plan Rows: 39887
Plan Width: 55
Actual Startup Time: 0.096
Actual Total Time: 9.669
Actual Rows: 40000
Actual Loops: 1
Inner Unique: false
loops: 1
inclusive: 9.669
exclusive: 7.932
inclusive_factor: 0.07550543898420235
inclusive_flag: 1
rowsx: 1.01
rowsx_direction: negative
rowsx_flag: 1
exclusive_factor: 0.06194116682414863
exclusive_flag: 1
</title></image><text x="380" y="120" fill="rgba(0, 0, 0, 0.87)" style="font-size:15px;text-anchor:middle"><tspan>Nested Loop Inner</tspan><tspan dy="1.2em" x="380">Join</tspan></text><line x1="425" x2="488.3333333333333" y1="75" y2="75" stroke="rgba(0, 0, 0, 0.87)" stroke-width="9"></line><line x1="487.3333333333333" x2="551.6666666666666" y1="75" y2="75" stroke="rgba(0, 0, 0, 0.87)" stroke-width="9"></line><line x1="551.6666666666666" x2="615" y1="75" y2="75" stroke="rgba(0, 0, 0, 0.87)" stroke-width="9" style="marker-end:url(&quot;#arr59&quot;)"></line></g><g><image href="data:image/svg+xml;base64,PHN2ZyBpZD0iXzEiIGRhdGEtbmFtZT0iMSIgeG1sbnM9Imh0dHA6Ly93d3cudzMub3JnLzIwMDAvc3ZnIiB2aWV3Qm94PSIwIDAgNjQgNjQiPjxkZWZzPjxzdHlsZT4uY2xzLTEsLmNscy0yLC5jbHMtOHtmaWxsOiMyOTgwYjk7fS5jbHMtMSwuY2xzLTJ7c3Ryb2tlOiMyOTgwYjk7c3Ryb2tlLWxpbmVqb2luOnJvdW5kO30uY2xzLTJ7c3Ryb2tlLWxpbmVjYXA6cm91bmQ7c3Ryb2tlLXdpZHRoOjJweDt9LmNscy0zLC5jbHMtNntmaWxsOiNmMGVjYjY7fS5jbHMtNHtmaWxsOiNjMThmMzY7fS5jbHMtNXtvcGFjaXR5OjAuODt9LmNscy02e3N0cm9rZTojYzE4ZjM2O3N0cm9rZS1taXRlcmxpbWl0OjEwO30uY2xzLTd7ZmlsbDojYWRkZmYzO308L3N0eWxlPjwvZGVmcz48dGl0bGU+ZXhfc2NhbjwvdGl0bGU+PHBvbHlnb24gY2xhc3M9ImNscy0xIiBwb2ludHM9IjkuMDYgNTAuNzggNS41OCA0Ni4xNCAxMi41NCA0Ni4xNCA5LjA2IDUwLjc4Ii8+PGxpbmUgY2xhc3M9ImNscy0yIiB4MT0iOS4wNiIgeTE9IjQ2Ljc3IiB4Mj0iOS4wNiIgeTI9IjE1LjgiLz48cGF0aCBjbGFzcz0iY2xzLTMiIGQ9Ik0xOC40Myw1Ny40N2MtMS4zOCwwLTEuNS0uMTItMS41LTEuNVYxNS41M2g0MVY1NmMwLDEuMzgtLjEyLDEuNS0xLjUsMS41WiIvPjxwYXRoIGNsYXNzPSJjbHMtNCIgZD0iTTU3LjQxLDE2VjU2YTMuNzEsMy43MSwwLDAsMS0uMDcuOSwyLjE2LDIuMTYsMCwwLDEtLjkzLjFoLTM4YTMuNTQsMy41NCwwLDAsMS0uOS0uMDdoMGEyLjE2LDIuMTYsMCwwLDEtLjEtLjkzVjE2aDQwbTEtMWgtNDJWNTZjMCwxLjY1LjM1LDIsMiwyaDM4YzEuNjUsMCwyLS4zNSwyLTJWMTVaIi8+PGcgY2xhc3M9ImNscy01Ij48bGluZSBjbGFzcz0iY2xzLTYiIHgxPSIyNS4xMyIgeTE9IjU2Ljk3IiB4Mj0iMjUuMTMiIHkyPSIxNS45NyIvPjxsaW5lIGNsYXNzPSJjbHMtNiIgeDE9IjQxLjUyIiB5MT0iNTYuOTciIHgyPSI0MS41MiIgeTI9IjE1Ljk3Ii8+PGxpbmUgY2xhc3M9ImNscy02IiB4MT0iMzMuMzIiIHkxPSI1Ni45NyIgeDI9IjMzLjMyIiB5Mj0iMTUuOTciLz48bGluZSBjbGFzcz0iY2xzLTYiIHgxPSI0OS43MiIgeTE9IjU2Ljk3IiB4Mj0iNDkuNzIiIHkyPSIxNS45NyIvPjxsaW5lIGNsYXNzPSJjbHMtNiIgeDE9IjE3LjQyIiB5MT0iMjMuOTciIHgyPSI1Ny40IiB5Mj0iMjMuOTciLz48bGluZSBjbGFzcz0iY2xzLTYiIHgxPSIxNy40MiIgeTE9IjMyLjM0IiB4Mj0iNTcuNCIgeTI9IjMyLjM0Ii8+PGxpbmUgY2xhc3M9ImNscy02IiB4MT0iMTcuNDIiIHkxPSI0MC43MSIgeDI9IjU3LjQiIHkyPSI0MC43MSIvPjxsaW5lIGNsYXNzPSJjbHMtNiIgeDE9IjE3LjQyIiB5MT0iNDkuMDgiIHgyPSI1Ny40IiB5Mj0iNDkuMDgiLz48L2c+PHBhdGggY2xhc3M9ImNscy03IiBkPSJNNDkuNzMsMTUuNTN2LTloNi42OWMxLjM3LDAsMS41LjEyLDEuNSwxLjV2Ny41WiIvPjxwYXRoIGNsYXNzPSJjbHMtOCIgZD0iTTU2LjQyLDdhMy41NCwzLjU0LDAsMCwxLC45LjA3aDBhMi4xNiwyLjE2LDAsMCwxLC4xLjkzdjdINTAuMjNWN2g2LjE5bTAtMUg0OS4yM1YxNmg5LjE5VjhjMC0xLjY1LS4zNS0yLTItMloiLz48cGF0aCBjbGFzcz0iY2xzLTciIGQ9Ik0xNi45MiwxNS41M1Y4YzAtMS4zOC4xMy0xLjUsMS41LTEuNWg2Ljd2OVoiLz48cGF0aCBjbGFzcz0iY2xzLTgiIGQ9Ik0yNC42Miw3djhoLTcuMlY4YTMuMTgsMy4xOCwwLDAsMSwuMDgtLjksMi4wOCwyLjA4LDAsMCwxLC45Mi0uMWg2LjJtMS0xaC03LjJjLTEuNjUsMC0yLC4zNS0yLDJ2OGg5LjJWNloiLz48cmVjdCBjbGFzcz0iY2xzLTciIHg9IjQxLjUyIiB5PSI2LjUzIiB3aWR0aD0iOC4xOSIgaGVpZ2h0PSI5Ii8+PHBhdGggY2xhc3M9ImNscy04IiBkPSJNNDkuMjEsN3Y4SDQyVjdoNy4xOW0xLTFINDFWMTZoOS4xOVY2WiIvPjxyZWN0IGNsYXNzPSJjbHMtNyIgeD0iMzMuMzMiIHk9IjYuNTMiIHdpZHRoPSI4LjE5IiBoZWlnaHQ9IjkiLz48cGF0aCBjbGFzcz0iY2xzLTgiIGQ9Ik00MSw3djhIMzMuODNWN0g0MW0xLTFIMzIuODNWMTZINDJWNloiLz48cmVjdCBjbGFzcz0iY2xzLTciIHg9IjI1LjE0IiB5PSI2LjUzIiB3aWR0aD0iOC4xNyIgaGVpZ2h0PSI5Ii8+PHBhdGggY2xhc3M9ImNscy04IiBkPSJNMzIuODEsN3Y4SDI1LjY0VjdoNy4xN20xLTFIMjQuNjRWMTZoOS4xN1Y2WiIvPjwvc3ZnPg==" preserveAspectRatio="none" x="50" y="50" width="50" height="50" style="cursor:pointer"><title>Node Type: Seq Scan
Parent Relationship: Outer
Parallel Aware: false
Async Capable: false
Relation Name: modeloAvion
Alias: ma
Startup Cost: 0
Total Cost: 26.33
Plan Rows: 4
Plan Width: 55
Actual Startup Time: 0.046
Actual Total Time: 0.085
Actual Rows: 4
Actual Loops: 1
Filter: (capacidad = 1158)
Rows Removed by Filter: 1062
loops: 1
inclusive: 0.085
exclusive: 0.085
inclusive_factor: 0.0006637669162950874
inclusive_flag: 1
rowsx: 1
rowsx_direction: positive
rowsx_flag: 1
exclusive_factor: 0.0006637669162950874
exclusive_flag: 1
</title></image><text x="80" y="120" fill="rgba(0, 0, 0, 0.87)" style="font-size:15px;text-anchor:middle"><tspan>modeloAvion</tspan></text><line x1="125" x2="188.33333333333334" y1="75" y2="75" stroke="rgba(0, 0, 0, 0.87)" stroke-width="5"></line><line x1="187.33333333333334" x2="251.66666666666669" y1="75" y2="75" stroke="rgba(0, 0, 0, 0.87)" stroke-width="5"></line><line x1="251.66666666666669" x2="315" y1="75" y2="75" stroke="rgba(0, 0, 0, 0.87)" stroke-width="5" style="marker-end:url(&quot;#arr60&quot;)"></line></g><g><image href="data:image/svg+xml;base64,PHN2ZyBpZD0iXzEiIGRhdGEtbmFtZT0iMSIgeG1sbnM9Imh0dHA6Ly93d3cudzMub3JnLzIwMDAvc3ZnIiB2aWV3Qm94PSIwIDAgNjQgNjQiPjxkZWZzPjxzdHlsZT4uY2xzLTF7ZmlsbDpub25lO3N0cm9rZTojNzQ3NDc0O3N0cm9rZS1saW5lY2FwOnJvdW5kO3N0cm9rZS1saW5lam9pbjpyb3VuZDtzdHJva2Utd2lkdGg6MC43NXB4O30uY2xzLTIsLmNscy04e2ZpbGw6I2YwZWNiNjt9LmNscy0ze2ZpbGw6I2MxOGYzNTt9LmNscy00e2ZpbGw6I2FkZGZmMzt9LmNscy01e2ZpbGw6IzI5ODBiOTt9LmNscy02e2ZpbGw6I2MxOGYzNjt9LmNscy03e29wYWNpdHk6MC44O30uY2xzLTh7c3Ryb2tlOiNjMThmMzY7c3Ryb2tlLW1pdGVybGltaXQ6MTA7fTwvc3R5bGU+PC9kZWZzPjx0aXRsZT5leF9pbmRleF9zY2FuPC90aXRsZT48bGluZSBjbGFzcz0iY2xzLTEiIHgxPSIxMy44NSIgeTE9IjM2LjIzIiB4Mj0iMTkuMTIiIHkyPSI0NC43Ii8+PGxpbmUgY2xhc3M9ImNscy0xIiB4MT0iMTMuODUiIHkxPSIzNi4yMyIgeDI9IjE5LjA5IiB5Mj0iMjcuOTIiLz48bGluZSBjbGFzcz0iY2xzLTEiIHgxPSIyNy42NCIgeTE9IjQ0LjMzIiB4Mj0iMzUuNjQiIHkyPSI1MC4yMyIvPjxsaW5lIGNsYXNzPSJjbHMtMSIgeDE9IjI3LjY0IiB5MT0iNDQuMzMiIHgyPSIzNS42NCIgeTI9IjM4LjkyIi8+PHJlY3QgY2xhc3M9ImNscy0yIiB4PSIxOS4yNiIgeT0iNDEuNjUiIHdpZHRoPSI3Ljk4IiBoZWlnaHQ9IjUuNjkiIHJ4PSIxLjUiIHJ5PSIxLjUiLz48cGF0aCBjbGFzcz0iY2xzLTMiIGQ9Ik0yNS43NSw0Mi4xNWEzLjU0LDMuNTQsMCwwLDEsLjkuMDdoMGEyLjQsMi40LDAsMCwxLC4xLjkzdjIuNjlhMy4xOCwzLjE4LDAsMCwxLS4wOC45cy0uMTkuMS0uOTIuMWgtNWEzLjExLDMuMTEsMCwwLDEtLjktLjA4aDBhMi4yNSwyLjI1LDAsMCwxLS4xLS45MlY0My4xNWEzLjE4LDMuMTgsMCwwLDEsLjA4LS45cy4xOS0uMS45Mi0uMWg1bTAtMWgtNWMtMS42NSwwLTIsLjM1LTIsMnYyLjY5YzAsMS42NS4zNSwyLDIsMmg1YzEuNjUsMCwyLS4zNSwyLTJWNDMuMTVjMC0xLjY1LS4zNS0yLTItMloiLz48bGluZSBjbGFzcz0iY2xzLTEiIHgxPSIyNy42NCIgeTE9IjI3LjgzIiB4Mj0iMzUuNjQiIHkyPSIzMy43MyIvPjxsaW5lIGNsYXNzPSJjbHMtMSIgeDE9IjI3LjY0IiB5MT0iMjcuODMiIHgyPSIzNS42NCIgeTI9IjIyLjQyIi8+PHJlY3QgY2xhc3M9ImNscy0yIiB4PSIxOS4yNiIgeT0iMjUuMTUiIHdpZHRoPSI3Ljk4IiBoZWlnaHQ9IjUuNjkiIHJ4PSIxLjUiIHJ5PSIxLjUiLz48cGF0aCBjbGFzcz0iY2xzLTMiIGQ9Ik0yNS43NSwyNS42NWEzLjU0LDMuNTQsMCwwLDEsLjkuMDdoMGEyLjQsMi40LDAsMCwxLC4xLjkzdjIuNjlhMy4xOCwzLjE4LDAsMCwxLS4wOC45cy0uMTkuMS0uOTIuMWgtNWEzLjExLDMuMTEsMCwwLDEtLjktLjA4aDBhMi4yNSwyLjI1LDAsMCwxLS4xLS45MlYyNi42NWEzLjE4LDMuMTgsMCwwLDEsLjA4LS45cy4xOS0uMS45Mi0uMWg1bTAtMWgtNWMtMS42NSwwLTIsLjM1LTIsMnYyLjY5YzAsMS42NS4zNSwyLDIsMmg1YzEuNjUsMCwyLS4zNSwyLTJWMjYuNjVjMC0xLjY1LS4zNS0yLTItMloiLz48cGF0aCBjbGFzcz0iY2xzLTIiIGQ9Ik02LjYxLDQwLjg5Yy0xLjM4LDAtMS41LS4xMy0xLjUtMS41VjM1LjJoOHY0LjE5YzAsMS4zNy0uMTMsMS41LTEuNSwxLjVaIi8+PHBhdGggY2xhc3M9ImNscy0zIiBkPSJNMTIuNTksMzUuN3YzLjY5YTIuNywyLjcsMCwwLDEtLjA4LjlzLS4xOS4xLS45Mi4xaC01YTMsMywwLDAsMS0uOS0uMDhoMGEyLjQ1LDIuNDUsMCwwLDEtLjA5LS45MlYzNS43aDdtMS0xaC05djQuNjljMCwxLjY1LjM1LDIsMiwyaDVjMS42NSwwLDItLjM1LDItMlYzNC43WiIvPjxwYXRoIGNsYXNzPSJjbHMtNCIgZD0iTTUuMTEsMzUuMjZWMzMuMDdjMC0xLjM4LjEyLTEuNSwxLjUtMS41aDVjMS4zNywwLDEuNS4xMiwxLjUsMS41djIuMTlaIi8+PHBhdGggY2xhc3M9ImNscy01IiBkPSJNMTEuNTksMzIuMDdhMy41NCwzLjU0LDAsMCwxLC45LjA3aDBhMi4xNiwyLjE2LDAsMCwxLC4xLjkzdjEuNjloLTdWMzMuMDdhMy43MSwzLjcxLDAsMCwxLC4wNy0uOSwyLjE2LDIuMTYsMCwwLDEsLjkzLS4xaDVtMC0xaC01Yy0xLjY1LDAtMiwuMzUtMiwydjIuNjloOVYzMy4wN2MwLTEuNjUtLjM1LTItMi0yWiIvPjxwYXRoIGNsYXNzPSJjbHMtMiIgZD0iTTM1Ljc0LDUzLjQ3Yy0xLjM4LDAtMS41LS4xMi0xLjUtMS41VjE5LjUzSDU4Ljg5VjUyYzAsMS4zOC0uMTMsMS41LTEuNSwxLjVaIi8+PHBhdGggY2xhc3M9ImNscy02IiBkPSJNNTguMzksMjBWNTJhMi43LDIuNywwLDAsMS0uMDguOXMtLjE5LjEtLjkyLjFIMzUuNzRhMy41NCwzLjU0LDAsMCwxLS45LS4wN2gwYTIuMTYsMi4xNiwwLDAsMS0uMS0uOTNWMjBINTguMzltMS0xSDMzLjc0VjUyYzAsMS42NS4zNSwyLDIsMkg1Ny4zOWMxLjY1LDAsMi0uMzUsMi0yVjE5WiIvPjxnIGNsYXNzPSJjbHMtNyI+PGxpbmUgY2xhc3M9ImNscy04IiB4MT0iNDIuNDQiIHkxPSI1Mi45NyIgeDI9IjQyLjQ0IiB5Mj0iMTkuOTciLz48bGluZSBjbGFzcz0iY2xzLTgiIHgxPSI1MC42MyIgeTE9IjUyLjk3IiB4Mj0iNTAuNjMiIHkyPSIxOS45NyIvPjxsaW5lIGNsYXNzPSJjbHMtOCIgeDE9IjM0LjczIiB5MT0iMjcuOTciIHgyPSI1OC4zNyIgeTI9IjI3Ljk3Ii8+PGxpbmUgY2xhc3M9ImNscy04IiB4MT0iMzQuNzMiIHkxPSIzNi4zNCIgeDI9IjU4LjM3IiB5Mj0iMzYuMzQiLz48bGluZSBjbGFzcz0iY2xzLTgiIHgxPSIzNC43MyIgeTE9IjQ0LjcxIiB4Mj0iNTguMzciIHkyPSI0NC43MSIvPjwvZz48cGF0aCBjbGFzcz0iY2xzLTQiIGQ9Ik01MC43LDE5LjUzdi05aDYuNjljMS4zOCwwLDEuNS4xMiwxLjUsMS41djcuNVoiLz48cGF0aCBjbGFzcz0iY2xzLTUiIGQ9Ik01Ny4zOSwxMWEzLjQ0LDMuNDQsMCwwLDEsLjkuMDdoMGEyLjYyLDIuNjIsMCwwLDEsLjA5LjkzdjdINTEuMlYxMWg2LjE5bTAtMUg1MC4yVjIwaDkuMTlWMTJjMC0xLjY1LS4zNS0yLTItMloiLz48cGF0aCBjbGFzcz0iY2xzLTQiIGQ9Ik0zNC4yMywxOS41M1YxMmMwLTEuMzguMTMtMS41LDEuNS0xLjVoNi43djlaIi8+PHBhdGggY2xhc3M9ImNscy01IiBkPSJNNDEuOTMsMTF2OGgtNy4yVjEyYTMuMTgsMy4xOCwwLDAsMSwuMDgtLjksMi4wOCwyLjA4LDAsMCwxLC45Mi0uMWg2LjJtMS0xaC03LjJjLTEuNjUsMC0yLC4zNS0yLDJ2OGg5LjJWMTBaIi8+PHJlY3QgY2xhc3M9ImNscy00IiB4PSI0Mi40NSIgeT0iMTAuNTMiIHdpZHRoPSI4LjE3IiBoZWlnaHQ9IjkiLz48cGF0aCBjbGFzcz0iY2xzLTUiIGQ9Ik01MC4xMiwxMXY4SDQzVjExaDcuMTdtMS0xSDQyVjIwaDkuMTdWMTBaIi8+PC9zdmc+" preserveAspectRatio="none" x="50" y="210" width="50" height="50" style="cursor:pointer"><title>Node Type: Index Scan
Parent Relationship: Inner
Parallel Aware: false
Async Capable: false
Scan Direction: Forward
Index Name: index_avionTipoModelo
Relation Name: avion
Alias: av
Startup Cost: 0.43
Total Cost: 501.44
Plan Rows: 10000
Plan Width: 8
Actual Startup Time: 0.042
Actual Total Time: 1.652
Actual Rows: 10000
Actual Loops: 4
Index Cond: ("tipoModelo" = ma."tipoModelo")
Rows Removed by Index Recheck: 0
loops: 1
inclusive: 1.652
exclusive: 1.652
inclusive_factor: 0.01290050524375864
inclusive_flag: 1
rowsx: 1
rowsx_direction: positive
rowsx_flag: 1
exclusive_factor: 0.01290050524375864
exclusive_flag: 1
</title></image><text x="80" y="280" fill="rgba(0, 0, 0, 0.87)" style="font-size:15px;text-anchor:middle"><tspan>index_avionTipoMod-</tspan><tspan dy="1.2em" x="80">elo</tspan></text><line x1="125" x2="188.33333333333334" y1="235" y2="235" stroke="rgba(0, 0, 0, 0.87)" stroke-width="8"></line><line x1="187.33333333333334" x2="251.66666666666669" y1="235" y2="75" stroke="rgba(0, 0, 0, 0.87)" stroke-width="8"></line><line x1="251.66666666666669" x2="315" y1="75" y2="75" stroke="rgba(0, 0, 0, 0.87)" stroke-width="8" style="marker-end:url(&quot;#arr61&quot;)"></line></g><g><image href="data:image/svg+xml;base64,PHN2ZyBpZD0iXzEiIGRhdGEtbmFtZT0iMSIgeG1sbnM9Imh0dHA6Ly93d3cudzMub3JnLzIwMDAvc3ZnIiB2aWV3Qm94PSIwIDAgNjQgNjQiPjxkZWZzPjxzdHlsZT4uY2xzLTF7ZmlsbDpub25lO3N0cm9rZTojNzQ3NDc0O3N0cm9rZS1saW5lY2FwOnJvdW5kO3N0cm9rZS1saW5lam9pbjpyb3VuZDtzdHJva2Utd2lkdGg6MC43NXB4O30uY2xzLTIsLmNscy04e2ZpbGw6I2YwZWNiNjt9LmNscy0ze2ZpbGw6I2MxOGYzNTt9LmNscy00e2ZpbGw6I2FkZGZmMzt9LmNscy01e2ZpbGw6IzI5ODBiOTt9LmNscy02e2ZpbGw6I2MxOGYzNjt9LmNscy03e29wYWNpdHk6MC44O30uY2xzLTh7c3Ryb2tlOiNjMThmMzY7c3Ryb2tlLW1pdGVybGltaXQ6MTA7fTwvc3R5bGU+PC9kZWZzPjx0aXRsZT5leF9pbmRleF9zY2FuPC90aXRsZT48bGluZSBjbGFzcz0iY2xzLTEiIHgxPSIxMy44NSIgeTE9IjM2LjIzIiB4Mj0iMTkuMTIiIHkyPSI0NC43Ii8+PGxpbmUgY2xhc3M9ImNscy0xIiB4MT0iMTMuODUiIHkxPSIzNi4yMyIgeDI9IjE5LjA5IiB5Mj0iMjcuOTIiLz48bGluZSBjbGFzcz0iY2xzLTEiIHgxPSIyNy42NCIgeTE9IjQ0LjMzIiB4Mj0iMzUuNjQiIHkyPSI1MC4yMyIvPjxsaW5lIGNsYXNzPSJjbHMtMSIgeDE9IjI3LjY0IiB5MT0iNDQuMzMiIHgyPSIzNS42NCIgeTI9IjM4LjkyIi8+PHJlY3QgY2xhc3M9ImNscy0yIiB4PSIxOS4yNiIgeT0iNDEuNjUiIHdpZHRoPSI3Ljk4IiBoZWlnaHQ9IjUuNjkiIHJ4PSIxLjUiIHJ5PSIxLjUiLz48cGF0aCBjbGFzcz0iY2xzLTMiIGQ9Ik0yNS43NSw0Mi4xNWEzLjU0LDMuNTQsMCwwLDEsLjkuMDdoMGEyLjQsMi40LDAsMCwxLC4xLjkzdjIuNjlhMy4xOCwzLjE4LDAsMCwxLS4wOC45cy0uMTkuMS0uOTIuMWgtNWEzLjExLDMuMTEsMCwwLDEtLjktLjA4aDBhMi4yNSwyLjI1LDAsMCwxLS4xLS45MlY0My4xNWEzLjE4LDMuMTgsMCwwLDEsLjA4LS45cy4xOS0uMS45Mi0uMWg1bTAtMWgtNWMtMS42NSwwLTIsLjM1LTIsMnYyLjY5YzAsMS42NS4zNSwyLDIsMmg1YzEuNjUsMCwyLS4zNSwyLTJWNDMuMTVjMC0xLjY1LS4zNS0yLTItMloiLz48bGluZSBjbGFzcz0iY2xzLTEiIHgxPSIyNy42NCIgeTE9IjI3LjgzIiB4Mj0iMzUuNjQiIHkyPSIzMy43MyIvPjxsaW5lIGNsYXNzPSJjbHMtMSIgeDE9IjI3LjY0IiB5MT0iMjcuODMiIHgyPSIzNS42NCIgeTI9IjIyLjQyIi8+PHJlY3QgY2xhc3M9ImNscy0yIiB4PSIxOS4yNiIgeT0iMjUuMTUiIHdpZHRoPSI3Ljk4IiBoZWlnaHQ9IjUuNjkiIHJ4PSIxLjUiIHJ5PSIxLjUiLz48cGF0aCBjbGFzcz0iY2xzLTMiIGQ9Ik0yNS43NSwyNS42NWEzLjU0LDMuNTQsMCwwLDEsLjkuMDdoMGEyLjQsMi40LDAsMCwxLC4xLjkzdjIuNjlhMy4xOCwzLjE4LDAsMCwxLS4wOC45cy0uMTkuMS0uOTIuMWgtNWEzLjExLDMuMTEsMCwwLDEtLjktLjA4aDBhMi4yNSwyLjI1LDAsMCwxLS4xLS45MlYyNi42NWEzLjE4LDMuMTgsMCwwLDEsLjA4LS45cy4xOS0uMS45Mi0uMWg1bTAtMWgtNWMtMS42NSwwLTIsLjM1LTIsMnYyLjY5YzAsMS42NS4zNSwyLDIsMmg1YzEuNjUsMCwyLS4zNSwyLTJWMjYuNjVjMC0xLjY1LS4zNS0yLTItMloiLz48cGF0aCBjbGFzcz0iY2xzLTIiIGQ9Ik02LjYxLDQwLjg5Yy0xLjM4LDAtMS41LS4xMy0xLjUtMS41VjM1LjJoOHY0LjE5YzAsMS4zNy0uMTMsMS41LTEuNSwxLjVaIi8+PHBhdGggY2xhc3M9ImNscy0zIiBkPSJNMTIuNTksMzUuN3YzLjY5YTIuNywyLjcsMCwwLDEtLjA4LjlzLS4xOS4xLS45Mi4xaC01YTMsMywwLDAsMS0uOS0uMDhoMGEyLjQ1LDIuNDUsMCwwLDEtLjA5LS45MlYzNS43aDdtMS0xaC05djQuNjljMCwxLjY1LjM1LDIsMiwyaDVjMS42NSwwLDItLjM1LDItMlYzNC43WiIvPjxwYXRoIGNsYXNzPSJjbHMtNCIgZD0iTTUuMTEsMzUuMjZWMzMuMDdjMC0xLjM4LjEyLTEuNSwxLjUtMS41aDVjMS4zNywwLDEuNS4xMiwxLjUsMS41djIuMTlaIi8+PHBhdGggY2xhc3M9ImNscy01IiBkPSJNMTEuNTksMzIuMDdhMy41NCwzLjU0LDAsMCwxLC45LjA3aDBhMi4xNiwyLjE2LDAsMCwxLC4xLjkzdjEuNjloLTdWMzMuMDdhMy43MSwzLjcxLDAsMCwxLC4wNy0uOSwyLjE2LDIuMTYsMCwwLDEsLjkzLS4xaDVtMC0xaC01Yy0xLjY1LDAtMiwuMzUtMiwydjIuNjloOVYzMy4wN2MwLTEuNjUtLjM1LTItMi0yWiIvPjxwYXRoIGNsYXNzPSJjbHMtMiIgZD0iTTM1Ljc0LDUzLjQ3Yy0xLjM4LDAtMS41LS4xMi0xLjUtMS41VjE5LjUzSDU4Ljg5VjUyYzAsMS4zOC0uMTMsMS41LTEuNSwxLjVaIi8+PHBhdGggY2xhc3M9ImNscy02IiBkPSJNNTguMzksMjBWNTJhMi43LDIuNywwLDAsMS0uMDguOXMtLjE5LjEtLjkyLjFIMzUuNzRhMy41NCwzLjU0LDAsMCwxLS45LS4wN2gwYTIuMTYsMi4xNiwwLDAsMS0uMS0uOTNWMjBINTguMzltMS0xSDMzLjc0VjUyYzAsMS42NS4zNSwyLDIsMkg1Ny4zOWMxLjY1LDAsMi0uMzUsMi0yVjE5WiIvPjxnIGNsYXNzPSJjbHMtNyI+PGxpbmUgY2xhc3M9ImNscy04IiB4MT0iNDIuNDQiIHkxPSI1Mi45NyIgeDI9IjQyLjQ0IiB5Mj0iMTkuOTciLz48bGluZSBjbGFzcz0iY2xzLTgiIHgxPSI1MC42MyIgeTE9IjUyLjk3IiB4Mj0iNTAuNjMiIHkyPSIxOS45NyIvPjxsaW5lIGNsYXNzPSJjbHMtOCIgeDE9IjM0LjczIiB5MT0iMjcuOTciIHgyPSI1OC4zNyIgeTI9IjI3Ljk3Ii8+PGxpbmUgY2xhc3M9ImNscy04IiB4MT0iMzQuNzMiIHkxPSIzNi4zNCIgeDI9IjU4LjM3IiB5Mj0iMzYuMzQiLz48bGluZSBjbGFzcz0iY2xzLTgiIHgxPSIzNC43MyIgeTE9IjQ0LjcxIiB4Mj0iNTguMzciIHkyPSI0NC43MSIvPjwvZz48cGF0aCBjbGFzcz0iY2xzLTQiIGQ9Ik01MC43LDE5LjUzdi05aDYuNjljMS4zOCwwLDEuNS4xMiwxLjUsMS41djcuNVoiLz48cGF0aCBjbGFzcz0iY2xzLTUiIGQ9Ik01Ny4zOSwxMWEzLjQ0LDMuNDQsMCwwLDEsLjkuMDdoMGEyLjYyLDIuNjIsMCwwLDEsLjA5LjkzdjdINTEuMlYxMWg2LjE5bTAtMUg1MC4yVjIwaDkuMTlWMTJjMC0xLjY1LS4zNS0yLTItMloiLz48cGF0aCBjbGFzcz0iY2xzLTQiIGQ9Ik0zNC4yMywxOS41M1YxMmMwLTEuMzguMTMtMS41LDEuNS0xLjVoNi43djlaIi8+PHBhdGggY2xhc3M9ImNscy01IiBkPSJNNDEuOTMsMTF2OGgtNy4yVjEyYTMuMTgsMy4xOCwwLDAsMSwuMDgtLjksMi4wOCwyLjA4LDAsMCwxLC45Mi0uMWg2LjJtMS0xaC03LjJjLTEuNjUsMC0yLC4zNS0yLDJ2OGg5LjJWMTBaIi8+PHJlY3QgY2xhc3M9ImNscy00IiB4PSI0Mi40NSIgeT0iMTAuNTMiIHdpZHRoPSI4LjE3IiBoZWlnaHQ9IjkiLz48cGF0aCBjbGFzcz0iY2xzLTUiIGQ9Ik01MC4xMiwxMXY4SDQzVjExaDcuMTdtMS0xSDQyVjIwaDkuMTdWMTBaIi8+PC9zdmc+" preserveAspectRatio="none" x="350" y="370" width="50" height="50" style="cursor:pointer"><title>Node Type: Index Scan
Parent Relationship: Inner
Parallel Aware: false
Async Capable: false
Scan Direction: Forward
Index Name: index_avionReparacion
Relation Name: trabajadorReparacion
Alias: tr
Startup Cost: 0.43
Total Cost: 0.49
Plan Rows: 1
Plan Width: 16
Actual Startup Time: 0.001
Actual Total Time: 0.001
Actual Rows: 1
Actual Loops: 40000
Index Cond: ("nroAvion" = av."nroAvion")
Rows Removed by Index Recheck: 0
loops: 1
inclusive: 0.001
exclusive: 0.001
inclusive_factor: 0.000007809022544648087
inclusive_flag: 1
rowsx: 1
rowsx_direction: positive
rowsx_flag: 1
exclusive_factor: 0.000007809022544648087
exclusive_flag: 1
</title></image><text x="380" y="440" fill="rgba(0, 0, 0, 0.87)" style="font-size:15px;text-anchor:middle"><tspan>index_avionReparac-</tspan><tspan dy="1.2em" x="380">ion</tspan></text><line x1="425" x2="488.3333333333333" y1="395" y2="395" stroke="rgba(0, 0, 0, 0.87)" stroke-width="3"></line><line x1="487.3333333333333" x2="551.6666666666666" y1="395" y2="75" stroke="rgba(0, 0, 0, 0.87)" stroke-width="3"></line><line x1="551.6666666666666" x2="615" y1="75" y2="75" stroke="rgba(0, 0, 0, 0.87)" stroke-width="3" style="marker-end:url(&quot;#arr62&quot;)"></line></g><g><image href="data:image/svg+xml;base64,PHN2ZyBpZD0iXzEiIGRhdGEtbmFtZT0iMSIgeG1sbnM9Imh0dHA6Ly93d3cudzMub3JnLzIwMDAvc3ZnIiB2aWV3Qm94PSIwIDAgNjQgNjQiPjxkZWZzPjxzdHlsZT4uY2xzLTEsLmNscy0xMCwuY2xzLTExe2ZpbGw6I2QzZDRmMzt9LmNscy0ye2ZpbGw6IzY2NmJkMTt9LmNscy0ze2ZpbGw6I2FkZGZmMzt9LmNscy00e2ZpbGw6IzI5ODBiOTt9LmNscy01e29wYWNpdHk6MC43O30uY2xzLTEyLC5jbHMtNntmaWxsOm5vbmU7fS5jbHMtMTAsLmNscy0xMSwuY2xzLTZ7c3Ryb2tlOiM2NjZiZDE7fS5jbHMtMTIsLmNscy0xNCwuY2xzLTE1LC5jbHMtNntzdHJva2UtbGluZWpvaW46cm91bmQ7fS5jbHMtN3tmaWxsOiNmMGVjYjY7fS5jbHMtOHtmaWxsOiNjMThmMzU7fS5jbHMtOXtmaWxsOiM3MmNlZWU7c3Ryb2tlOiMyOTgwYjk7fS5jbHMtMTUsLmNscy05e3N0cm9rZS1saW5lY2FwOnJvdW5kO30uY2xzLTEwLC5jbHMtMTEsLmNscy05e3N0cm9rZS1taXRlcmxpbWl0OjEwO30uY2xzLTExLC5jbHMtMTJ7b3BhY2l0eTowLjg7fS5jbHMtMTJ7c3Ryb2tlOiNjMThmMzU7fS5jbHMtMTN7ZmlsbDojYzAwO30uY2xzLTE0LC5jbHMtMTV7ZmlsbDojNTI4ZDE5O3N0cm9rZTojNTI4ZDE5O30uY2xzLTE1e3N0cm9rZS13aWR0aDoycHg7fTwvc3R5bGU+PC9kZWZzPjx0aXRsZT5leF9oYXNoPC90aXRsZT48cGF0aCBjbGFzcz0iY2xzLTEiIGQ9Ik0xMC4zOCw1Ni41Yy0xLjM3LDAtMS41LS4xMy0xLjUtMS41VjE1LjVoOVY1NWMwLDEuMzctLjEzLDEuNS0xLjUsMS41WiIvPjxwYXRoIGNsYXNzPSJjbHMtMiIgZD0iTTE3LjM2LDE2VjU1YTMuMjgsMy4yOCwwLDAsMS0uMDguOSwyLjE4LDIuMTgsMCwwLDEtLjkyLjFoLTZhMy4yNSwzLjI1LDAsMCwxLS45LS4wOGgwYTIuMTcsMi4xNywwLDAsMS0uMS0uOTJWMTZoOG0xLTFoLTEwVjU1YzAsMS42NS4zNSwyLDIsMmg2YzEuNjUsMCwyLS4zNSwyLTJWMTVaIi8+PHBhdGggY2xhc3M9ImNscy0zIiBkPSJNOC44OCwxNS41VjljMC0xLjM3LjEzLTEuNSwxLjUtMS41aDZjMS4zNywwLDEuNS4xMywxLjUsMS41djYuNVoiLz48cGF0aCBjbGFzcz0iY2xzLTQiIGQ9Ik0xNi4zNiw4YTMuMjUsMy4yNSwwLDAsMSwuOS4wOGgwYTIuMTcsMi4xNywwLDAsMSwuMS45MnY2aC04VjlhMy4yOCwzLjI4LDAsMCwxLC4wOC0uOSwyLjE4LDIuMTgsMCwwLDEsLjkyLS4xaDZtMC0xaC02Yy0xLjY1LDAtMiwuMzUtMiwydjdoMTBWOWMwLTEuNjUtLjM1LTItMi0yWiIvPjxnIGNsYXNzPSJjbHMtNSI+PGxpbmUgY2xhc3M9ImNscy02IiB4MT0iOS4zOSIgeTE9IjIzLjc0IiB4Mj0iMTcuMzUiIHkyPSIyMy43NCIvPjxsaW5lIGNsYXNzPSJjbHMtNiIgeDE9IjkuMzkiIHkxPSIzMS40OSIgeDI9IjE3LjM1IiB5Mj0iMzEuNDkiLz48bGluZSBjbGFzcz0iY2xzLTYiIHgxPSI5LjM5IiB5MT0iMzkuMjMiIHgyPSIxNy4zNSIgeTI9IjM5LjIzIi8+PGxpbmUgY2xhc3M9ImNscy02IiB4MT0iOS4zOSIgeTE9IjQ2Ljk3IiB4Mj0iMTcuMzUiIHkyPSI0Ni45NyIvPjwvZz48cGF0aCBjbGFzcz0iY2xzLTEiIGQ9Ik00Ny40LDQ2LjIydi0yOGg2LjIyYzEuMzcsMCwxLjUuMTMsMS41LDEuNXYyNWMwLDEuMzctLjEzLDEuNS0xLjUsMS41WiIvPjxwYXRoIGNsYXNzPSJjbHMtMiIgZD0iTTUzLjYyLDE4LjcyYTMuMjUsMy4yNSwwLDAsMSwuOS4wOGgwYTIuMTgsMi4xOCwwLDAsMSwuMS45MnYyNWEzLjI4LDMuMjgsMCwwLDEtLjA4LjksMi4xOCwyLjE4LDAsMCwxLS45Mi4xSDQ3Ljl2LTI3aDUuNzJtMC0xSDQ2Ljl2MjloNi43MmMxLjY1LDAsMi0uMzUsMi0ydi0yNWMwLTEuNjUtLjM1LTItMi0yWiIvPjxwYXRoIGNsYXNzPSJjbHMtNyIgZD0iTTI2LjY0LDQ2LjIyYy0xLjM3LDAtMS41LS4xMy0xLjUtMS41VjI0LjIySDQ3LjQydjIyWiIvPjxwYXRoIGNsYXNzPSJjbHMtOCIgZD0iTTQ2LjkyLDI0LjcydjIxSDI2LjY0YTMuMjUsMy4yNSwwLDAsMS0uOS0uMDhoMGEyLjE4LDIuMTgsMCwwLDEtLjEtLjkydi0yMEg0Ni45Mm0xLTFIMjQuNjR2MjFjMCwxLjY1LjM1LDIsMiwySDQ3Ljkydi0yM1oiLz48cGF0aCBjbGFzcz0iY2xzLTMiIGQ9Ik0yNS4xNCwyNC4yMnYtNC41YzAtMS4zNy4xMy0xLjUsMS41LTEuNUg0Ny40MnY2WiIvPjxwYXRoIGNsYXNzPSJjbHMtNCIgZD0iTTQ2LjkyLDE4LjcydjVIMjUuNjR2LTRhMy4yOCwzLjI4LDAsMCwxLC4wOC0uOSwyLjE4LDIuMTgsMCwwLDEsLjkyLS4xSDQ2LjkybTEtMUgyNi42NGMtMS42NSwwLTIsLjM1LTIsMnY1SDQ3Ljkydi03WiIvPjxsaW5lIGNsYXNzPSJjbHMtOSIgeDE9IjMyLjYiIHkxPSIyNC4wNSIgeDI9IjMyLjYiIHkyPSIxOC4yNCIvPjxsaW5lIGNsYXNzPSJjbHMtMTAiIHgxPSI1NSIgeTE9IjI0LjIyIiB4Mj0iNDcuOTIiIHkyPSIyNC4yMiIvPjxsaW5lIGNsYXNzPSJjbHMtMTEiIHgxPSI1NSIgeTE9IjMxLjQ5IiB4Mj0iNDcuOTIiIHkyPSIzMS40OSIvPjxsaW5lIGNsYXNzPSJjbHMtMTEiIHgxPSI1NSIgeTE9IjM4Ljk2IiB4Mj0iNDcuOTIiIHkyPSIzOC45NiIvPjxsaW5lIGNsYXNzPSJjbHMtOSIgeDE9IjQwLjM1IiB5MT0iMjQuMDUiIHgyPSI0MC4zNSIgeTI9IjE4LjI0Ii8+PGxpbmUgY2xhc3M9ImNscy0xMiIgeDE9IjMyLjYiIHkxPSI0Ni4wNSIgeDI9IjMyLjYiIHkyPSIyNC43MiIvPjxsaW5lIGNsYXNzPSJjbHMtMTIiIHgxPSI0MC4zNSIgeTE9IjQ2LjA1IiB4Mj0iNDAuMzUiIHkyPSIyNC43MiIvPjxsaW5lIGNsYXNzPSJjbHMtMTIiIHgxPSIyNS4xNyIgeTE9IjMxLjU3IiB4Mj0iNDcuNDIiIHkyPSIzMS41NyIvPjxsaW5lIGNsYXNzPSJjbHMtMTIiIHgxPSIyNS4xNyIgeTE9IjM4Ljk2IiB4Mj0iNDcuNDIiIHkyPSIzOC45NiIvPjxwYXRoIGNsYXNzPSJjbHMtMTMiIGQ9Ik0xMC4yNywzMi44Nmg2LjM4VjM4SDEwLjI3WiIvPjxwYXRoIGNsYXNzPSJjbHMtMTMiIGQ9Ik0zMy44MSwzMi43MWg1LjR2NS4yM2gtNS40WiIvPjxwb2x5Z29uIGNsYXNzPSJjbHMtMTQiIHBvaW50cz0iMzMuNDMgMzUuNTMgMzAuMDUgMzMgMzAuMDUgMzguMDYgMzMuNDMgMzUuNTMiLz48bGluZSBjbGFzcz0iY2xzLTE1IiB4MT0iMjkuNzciIHkxPSIzNS41MyIgeDI9IjE5LjMzIiB5Mj0iMzUuNTMiLz48cG9seWdvbiBjbGFzcz0iY2xzLTE0IiBwb2ludHM9IjM2Ljg0IDcuNjcgMzQuMzEgMTEuMDUgMzkuMzcgMTEuMDUgMzYuODQgNy42NyIvPjxsaW5lIGNsYXNzPSJjbHMtMTUiIHgxPSIzNi44NCIgeTE9IjExLjMzIiB4Mj0iMzYuODQiIHkyPSIzMC43NyIvPjwvc3ZnPg==" preserveAspectRatio="none" x="650" y="530" width="50" height="50" style="cursor:pointer"><title>Node Type: Hash
Parent Relationship: Inner
Parallel Aware: false
Async Capable: false
Startup Cost: 1.04
Total Cost: 1.04
Plan Rows: 4
Plan Width: 208
Actual Startup Time: 0.008
Actual Total Time: 0.009
Actual Rows: 4
Actual Loops: 1
Hash Buckets: 1024
Original Hash Buckets: 1024
Hash Batches: 1
Original Hash Batches: 1
Peak Memory Usage: 9
loops: 1
inclusive: 0.009
exclusive: 0.003
inclusive_factor: 0.00007028120290183277
inclusive_flag: 1
rowsx: 1
rowsx_direction: positive
rowsx_flag: 1
exclusive_factor: 0.000023427067633944263
exclusive_flag: 1
</title></image><text x="680" y="600" fill="rgba(0, 0, 0, 0.87)" style="font-size:15px;text-anchor:middle"><tspan>Hash</tspan></text><line x1="725" x2="788.3333333333334" y1="555" y2="555" stroke="rgba(0, 0, 0, 0.87)" stroke-width="3"></line><line x1="787.3333333333334" x2="851.6666666666666" y1="555" y2="75" stroke="rgba(0, 0, 0, 0.87)" stroke-width="3"></line><line x1="851.6666666666666" x2="915" y1="75" y2="75" stroke="rgba(0, 0, 0, 0.87)" stroke-width="3" style="marker-end:url(&quot;#arr63&quot;)"></line></g><g><image href="data:image/svg+xml;base64,PHN2ZyBpZD0iXzEiIGRhdGEtbmFtZT0iMSIgeG1sbnM9Imh0dHA6Ly93d3cudzMub3JnLzIwMDAvc3ZnIiB2aWV3Qm94PSIwIDAgNjQgNjQiPjxkZWZzPjxzdHlsZT4uY2xzLTEsLmNscy0yLC5jbHMtOHtmaWxsOiMyOTgwYjk7fS5jbHMtMSwuY2xzLTJ7c3Ryb2tlOiMyOTgwYjk7c3Ryb2tlLWxpbmVqb2luOnJvdW5kO30uY2xzLTJ7c3Ryb2tlLWxpbmVjYXA6cm91bmQ7c3Ryb2tlLXdpZHRoOjJweDt9LmNscy0zLC5jbHMtNntmaWxsOiNmMGVjYjY7fS5jbHMtNHtmaWxsOiNjMThmMzY7fS5jbHMtNXtvcGFjaXR5OjAuODt9LmNscy02e3N0cm9rZTojYzE4ZjM2O3N0cm9rZS1taXRlcmxpbWl0OjEwO30uY2xzLTd7ZmlsbDojYWRkZmYzO308L3N0eWxlPjwvZGVmcz48dGl0bGU+ZXhfc2NhbjwvdGl0bGU+PHBvbHlnb24gY2xhc3M9ImNscy0xIiBwb2ludHM9IjkuMDYgNTAuNzggNS41OCA0Ni4xNCAxMi41NCA0Ni4xNCA5LjA2IDUwLjc4Ii8+PGxpbmUgY2xhc3M9ImNscy0yIiB4MT0iOS4wNiIgeTE9IjQ2Ljc3IiB4Mj0iOS4wNiIgeTI9IjE1LjgiLz48cGF0aCBjbGFzcz0iY2xzLTMiIGQ9Ik0xOC40Myw1Ny40N2MtMS4zOCwwLTEuNS0uMTItMS41LTEuNVYxNS41M2g0MVY1NmMwLDEuMzgtLjEyLDEuNS0xLjUsMS41WiIvPjxwYXRoIGNsYXNzPSJjbHMtNCIgZD0iTTU3LjQxLDE2VjU2YTMuNzEsMy43MSwwLDAsMS0uMDcuOSwyLjE2LDIuMTYsMCwwLDEtLjkzLjFoLTM4YTMuNTQsMy41NCwwLDAsMS0uOS0uMDdoMGEyLjE2LDIuMTYsMCwwLDEtLjEtLjkzVjE2aDQwbTEtMWgtNDJWNTZjMCwxLjY1LjM1LDIsMiwyaDM4YzEuNjUsMCwyLS4zNSwyLTJWMTVaIi8+PGcgY2xhc3M9ImNscy01Ij48bGluZSBjbGFzcz0iY2xzLTYiIHgxPSIyNS4xMyIgeTE9IjU2Ljk3IiB4Mj0iMjUuMTMiIHkyPSIxNS45NyIvPjxsaW5lIGNsYXNzPSJjbHMtNiIgeDE9IjQxLjUyIiB5MT0iNTYuOTciIHgyPSI0MS41MiIgeTI9IjE1Ljk3Ii8+PGxpbmUgY2xhc3M9ImNscy02IiB4MT0iMzMuMzIiIHkxPSI1Ni45NyIgeDI9IjMzLjMyIiB5Mj0iMTUuOTciLz48bGluZSBjbGFzcz0iY2xzLTYiIHgxPSI0OS43MiIgeTE9IjU2Ljk3IiB4Mj0iNDkuNzIiIHkyPSIxNS45NyIvPjxsaW5lIGNsYXNzPSJjbHMtNiIgeDE9IjE3LjQyIiB5MT0iMjMuOTciIHgyPSI1Ny40IiB5Mj0iMjMuOTciLz48bGluZSBjbGFzcz0iY2xzLTYiIHgxPSIxNy40MiIgeTE9IjMyLjM0IiB4Mj0iNTcuNCIgeTI9IjMyLjM0Ii8+PGxpbmUgY2xhc3M9ImNscy02IiB4MT0iMTcuNDIiIHkxPSI0MC43MSIgeDI9IjU3LjQiIHkyPSI0MC43MSIvPjxsaW5lIGNsYXNzPSJjbHMtNiIgeDE9IjE3LjQyIiB5MT0iNDkuMDgiIHgyPSI1Ny40IiB5Mj0iNDkuMDgiLz48L2c+PHBhdGggY2xhc3M9ImNscy03IiBkPSJNNDkuNzMsMTUuNTN2LTloNi42OWMxLjM3LDAsMS41LjEyLDEuNSwxLjV2Ny41WiIvPjxwYXRoIGNsYXNzPSJjbHMtOCIgZD0iTTU2LjQyLDdhMy41NCwzLjU0LDAsMCwxLC45LjA3aDBhMi4xNiwyLjE2LDAsMCwxLC4xLjkzdjdINTAuMjNWN2g2LjE5bTAtMUg0OS4yM1YxNmg5LjE5VjhjMC0xLjY1LS4zNS0yLTItMloiLz48cGF0aCBjbGFzcz0iY2xzLTciIGQ9Ik0xNi45MiwxNS41M1Y4YzAtMS4zOC4xMy0xLjUsMS41LTEuNWg2Ljd2OVoiLz48cGF0aCBjbGFzcz0iY2xzLTgiIGQ9Ik0yNC42Miw3djhoLTcuMlY4YTMuMTgsMy4xOCwwLDAsMSwuMDgtLjksMi4wOCwyLjA4LDAsMCwxLC45Mi0uMWg2LjJtMS0xaC03LjJjLTEuNjUsMC0yLC4zNS0yLDJ2OGg5LjJWNloiLz48cmVjdCBjbGFzcz0iY2xzLTciIHg9IjQxLjUyIiB5PSI2LjUzIiB3aWR0aD0iOC4xOSIgaGVpZ2h0PSI5Ii8+PHBhdGggY2xhc3M9ImNscy04IiBkPSJNNDkuMjEsN3Y4SDQyVjdoNy4xOW0xLTFINDFWMTZoOS4xOVY2WiIvPjxyZWN0IGNsYXNzPSJjbHMtNyIgeD0iMzMuMzMiIHk9IjYuNTMiIHdpZHRoPSI4LjE5IiBoZWlnaHQ9IjkiLz48cGF0aCBjbGFzcz0iY2xzLTgiIGQ9Ik00MSw3djhIMzMuODNWN0g0MW0xLTFIMzIuODNWMTZINDJWNloiLz48cmVjdCBjbGFzcz0iY2xzLTciIHg9IjI1LjE0IiB5PSI2LjUzIiB3aWR0aD0iOC4xNyIgaGVpZ2h0PSI5Ii8+PHBhdGggY2xhc3M9ImNscy04IiBkPSJNMzIuODEsN3Y4SDI1LjY0VjdoNy4xN20xLTFIMjQuNjRWMTZoOS4xN1Y2WiIvPjwvc3ZnPg==" preserveAspectRatio="none" x="350" y="530" width="50" height="50" style="cursor:pointer"><title>Node Type: Seq Scan
Parent Relationship: Outer
Parallel Aware: false
Async Capable: false
Relation Name: falla
Alias: fa
Startup Cost: 0
Total Cost: 1.04
Plan Rows: 4
Plan Width: 208
Actual Startup Time: 0.006
Actual Total Time: 0.006
Actual Rows: 4
Actual Loops: 1
loops: 1
inclusive: 0.006
exclusive: 0.006
inclusive_factor: 0.00004685413526788853
inclusive_flag: 1
rowsx: 1
rowsx_direction: positive
rowsx_flag: 1
exclusive_factor: 0.00004685413526788853
exclusive_flag: 1
</title></image><text x="380" y="600" fill="rgba(0, 0, 0, 0.87)" style="font-size:15px;text-anchor:middle"><tspan>falla</tspan></text><line x1="425" x2="488.3333333333333" y1="555" y2="555" stroke="rgba(0, 0, 0, 0.87)" stroke-width="3"></line><line x1="487.3333333333333" x2="551.6666666666666" y1="555" y2="555" stroke="rgba(0, 0, 0, 0.87)" stroke-width="3"></line><line x1="551.6666666666666" x2="615" y1="555" y2="555" stroke="rgba(0, 0, 0, 0.87)" stroke-width="3" style="marker-end:url(&quot;#arr64&quot;)"></line></g><g><image href="data:image/svg+xml;base64,PHN2ZyBpZD0iXzEiIGRhdGEtbmFtZT0iMSIgeG1sbnM9Imh0dHA6Ly93d3cudzMub3JnLzIwMDAvc3ZnIiB2aWV3Qm94PSIwIDAgNjQgNjQiPjxkZWZzPjxzdHlsZT4uY2xzLTEsLmNscy0xMCwuY2xzLTExe2ZpbGw6I2QzZDRmMzt9LmNscy0ye2ZpbGw6IzY2NmJkMTt9LmNscy0ze2ZpbGw6I2FkZGZmMzt9LmNscy00e2ZpbGw6IzI5ODBiOTt9LmNscy01e29wYWNpdHk6MC43O30uY2xzLTEyLC5jbHMtNntmaWxsOm5vbmU7fS5jbHMtMTAsLmNscy0xMSwuY2xzLTZ7c3Ryb2tlOiM2NjZiZDE7fS5jbHMtMTIsLmNscy0xNCwuY2xzLTE1LC5jbHMtNntzdHJva2UtbGluZWpvaW46cm91bmQ7fS5jbHMtN3tmaWxsOiNmMGVjYjY7fS5jbHMtOHtmaWxsOiNjMThmMzU7fS5jbHMtOXtmaWxsOiM3MmNlZWU7c3Ryb2tlOiMyOTgwYjk7fS5jbHMtMTUsLmNscy05e3N0cm9rZS1saW5lY2FwOnJvdW5kO30uY2xzLTEwLC5jbHMtMTEsLmNscy05e3N0cm9rZS1taXRlcmxpbWl0OjEwO30uY2xzLTExLC5jbHMtMTJ7b3BhY2l0eTowLjg7fS5jbHMtMTJ7c3Ryb2tlOiNjMThmMzU7fS5jbHMtMTN7ZmlsbDojYzAwO30uY2xzLTE0LC5jbHMtMTV7ZmlsbDojNTI4ZDE5O3N0cm9rZTojNTI4ZDE5O30uY2xzLTE1e3N0cm9rZS13aWR0aDoycHg7fTwvc3R5bGU+PC9kZWZzPjx0aXRsZT5leF9oYXNoPC90aXRsZT48cGF0aCBjbGFzcz0iY2xzLTEiIGQ9Ik0xMC4zOCw1Ni41Yy0xLjM3LDAtMS41LS4xMy0xLjUtMS41VjE1LjVoOVY1NWMwLDEuMzctLjEzLDEuNS0xLjUsMS41WiIvPjxwYXRoIGNsYXNzPSJjbHMtMiIgZD0iTTE3LjM2LDE2VjU1YTMuMjgsMy4yOCwwLDAsMS0uMDguOSwyLjE4LDIuMTgsMCwwLDEtLjkyLjFoLTZhMy4yNSwzLjI1LDAsMCwxLS45LS4wOGgwYTIuMTcsMi4xNywwLDAsMS0uMS0uOTJWMTZoOG0xLTFoLTEwVjU1YzAsMS42NS4zNSwyLDIsMmg2YzEuNjUsMCwyLS4zNSwyLTJWMTVaIi8+PHBhdGggY2xhc3M9ImNscy0zIiBkPSJNOC44OCwxNS41VjljMC0xLjM3LjEzLTEuNSwxLjUtMS41aDZjMS4zNywwLDEuNS4xMywxLjUsMS41djYuNVoiLz48cGF0aCBjbGFzcz0iY2xzLTQiIGQ9Ik0xNi4zNiw4YTMuMjUsMy4yNSwwLDAsMSwuOS4wOGgwYTIuMTcsMi4xNywwLDAsMSwuMS45MnY2aC04VjlhMy4yOCwzLjI4LDAsMCwxLC4wOC0uOSwyLjE4LDIuMTgsMCwwLDEsLjkyLS4xaDZtMC0xaC02Yy0xLjY1LDAtMiwuMzUtMiwydjdoMTBWOWMwLTEuNjUtLjM1LTItMi0yWiIvPjxnIGNsYXNzPSJjbHMtNSI+PGxpbmUgY2xhc3M9ImNscy02IiB4MT0iOS4zOSIgeTE9IjIzLjc0IiB4Mj0iMTcuMzUiIHkyPSIyMy43NCIvPjxsaW5lIGNsYXNzPSJjbHMtNiIgeDE9IjkuMzkiIHkxPSIzMS40OSIgeDI9IjE3LjM1IiB5Mj0iMzEuNDkiLz48bGluZSBjbGFzcz0iY2xzLTYiIHgxPSI5LjM5IiB5MT0iMzkuMjMiIHgyPSIxNy4zNSIgeTI9IjM5LjIzIi8+PGxpbmUgY2xhc3M9ImNscy02IiB4MT0iOS4zOSIgeTE9IjQ2Ljk3IiB4Mj0iMTcuMzUiIHkyPSI0Ni45NyIvPjwvZz48cGF0aCBjbGFzcz0iY2xzLTEiIGQ9Ik00Ny40LDQ2LjIydi0yOGg2LjIyYzEuMzcsMCwxLjUuMTMsMS41LDEuNXYyNWMwLDEuMzctLjEzLDEuNS0xLjUsMS41WiIvPjxwYXRoIGNsYXNzPSJjbHMtMiIgZD0iTTUzLjYyLDE4LjcyYTMuMjUsMy4yNSwwLDAsMSwuOS4wOGgwYTIuMTgsMi4xOCwwLDAsMSwuMS45MnYyNWEzLjI4LDMuMjgsMCwwLDEtLjA4LjksMi4xOCwyLjE4LDAsMCwxLS45Mi4xSDQ3Ljl2LTI3aDUuNzJtMC0xSDQ2Ljl2MjloNi43MmMxLjY1LDAsMi0uMzUsMi0ydi0yNWMwLTEuNjUtLjM1LTItMi0yWiIvPjxwYXRoIGNsYXNzPSJjbHMtNyIgZD0iTTI2LjY0LDQ2LjIyYy0xLjM3LDAtMS41LS4xMy0xLjUtMS41VjI0LjIySDQ3LjQydjIyWiIvPjxwYXRoIGNsYXNzPSJjbHMtOCIgZD0iTTQ2LjkyLDI0LjcydjIxSDI2LjY0YTMuMjUsMy4yNSwwLDAsMS0uOS0uMDhoMGEyLjE4LDIuMTgsMCwwLDEtLjEtLjkydi0yMEg0Ni45Mm0xLTFIMjQuNjR2MjFjMCwxLjY1LjM1LDIsMiwySDQ3Ljkydi0yM1oiLz48cGF0aCBjbGFzcz0iY2xzLTMiIGQ9Ik0yNS4xNCwyNC4yMnYtNC41YzAtMS4zNy4xMy0xLjUsMS41LTEuNUg0Ny40MnY2WiIvPjxwYXRoIGNsYXNzPSJjbHMtNCIgZD0iTTQ2LjkyLDE4LjcydjVIMjUuNjR2LTRhMy4yOCwzLjI4LDAsMCwxLC4wOC0uOSwyLjE4LDIuMTgsMCwwLDEsLjkyLS4xSDQ2LjkybTEtMUgyNi42NGMtMS42NSwwLTIsLjM1LTIsMnY1SDQ3Ljkydi03WiIvPjxsaW5lIGNsYXNzPSJjbHMtOSIgeDE9IjMyLjYiIHkxPSIyNC4wNSIgeDI9IjMyLjYiIHkyPSIxOC4yNCIvPjxsaW5lIGNsYXNzPSJjbHMtMTAiIHgxPSI1NSIgeTE9IjI0LjIyIiB4Mj0iNDcuOTIiIHkyPSIyNC4yMiIvPjxsaW5lIGNsYXNzPSJjbHMtMTEiIHgxPSI1NSIgeTE9IjMxLjQ5IiB4Mj0iNDcuOTIiIHkyPSIzMS40OSIvPjxsaW5lIGNsYXNzPSJjbHMtMTEiIHgxPSI1NSIgeTE9IjM4Ljk2IiB4Mj0iNDcuOTIiIHkyPSIzOC45NiIvPjxsaW5lIGNsYXNzPSJjbHMtOSIgeDE9IjQwLjM1IiB5MT0iMjQuMDUiIHgyPSI0MC4zNSIgeTI9IjE4LjI0Ii8+PGxpbmUgY2xhc3M9ImNscy0xMiIgeDE9IjMyLjYiIHkxPSI0Ni4wNSIgeDI9IjMyLjYiIHkyPSIyNC43MiIvPjxsaW5lIGNsYXNzPSJjbHMtMTIiIHgxPSI0MC4zNSIgeTE9IjQ2LjA1IiB4Mj0iNDAuMzUiIHkyPSIyNC43MiIvPjxsaW5lIGNsYXNzPSJjbHMtMTIiIHgxPSIyNS4xNyIgeTE9IjMxLjU3IiB4Mj0iNDcuNDIiIHkyPSIzMS41NyIvPjxsaW5lIGNsYXNzPSJjbHMtMTIiIHgxPSIyNS4xNyIgeTE9IjM4Ljk2IiB4Mj0iNDcuNDIiIHkyPSIzOC45NiIvPjxwYXRoIGNsYXNzPSJjbHMtMTMiIGQ9Ik0xMC4yNywzMi44Nmg2LjM4VjM4SDEwLjI3WiIvPjxwYXRoIGNsYXNzPSJjbHMtMTMiIGQ9Ik0zMy44MSwzMi43MWg1LjR2NS4yM2gtNS40WiIvPjxwb2x5Z29uIGNsYXNzPSJjbHMtMTQiIHBvaW50cz0iMzMuNDMgMzUuNTMgMzAuMDUgMzMgMzAuMDUgMzguMDYgMzMuNDMgMzUuNTMiLz48bGluZSBjbGFzcz0iY2xzLTE1IiB4MT0iMjkuNzciIHkxPSIzNS41MyIgeDI9IjE5LjMzIiB5Mj0iMzUuNTMiLz48cG9seWdvbiBjbGFzcz0iY2xzLTE0IiBwb2ludHM9IjM2Ljg0IDcuNjcgMzQuMzEgMTEuMDUgMzkuMzcgMTEuMDUgMzYuODQgNy42NyIvPjxsaW5lIGNsYXNzPSJjbHMtMTUiIHgxPSIzNi44NCIgeTE9IjExLjMzIiB4Mj0iMzYuODQiIHkyPSIzMC43NyIvPjwvc3ZnPg==" preserveAspectRatio="none" x="950" y="690" width="50" height="50" style="cursor:pointer"><title>Node Type: Hash
Parent Relationship: Inner
Parallel Aware: false
Async Capable: false
Startup Cost: 1.05
Total Cost: 1.05
Plan Rows: 5
Plan Width: 208
Actual Startup Time: 0.013
Actual Total Time: 0.013
Actual Rows: 5
Actual Loops: 1
Hash Buckets: 1024
Original Hash Buckets: 1024
Hash Batches: 1
Original Hash Batches: 1
Peak Memory Usage: 9
loops: 1
inclusive: 0.013
exclusive: 0.003
inclusive_factor: 0.00010151729308042513
inclusive_flag: 1
rowsx: 1
rowsx_direction: positive
rowsx_flag: 1
exclusive_factor: 0.000023427067633944263
exclusive_flag: 1
</title></image><text x="980" y="760" fill="rgba(0, 0, 0, 0.87)" style="font-size:15px;text-anchor:middle"><tspan>Hash</tspan></text><line x1="1025" x2="1088.3333333333333" y1="715" y2="715" stroke="rgba(0, 0, 0, 0.87)" stroke-width="3"></line><line x1="1087.3333333333333" x2="1151.6666666666667" y1="715" y2="75" stroke="rgba(0, 0, 0, 0.87)" stroke-width="3"></line><line x1="1151.6666666666667" x2="1215" y1="75" y2="75" stroke="rgba(0, 0, 0, 0.87)" stroke-width="3" style="marker-end:url(&quot;#arr65&quot;)"></line></g><g><image href="data:image/svg+xml;base64,PHN2ZyBpZD0iXzEiIGRhdGEtbmFtZT0iMSIgeG1sbnM9Imh0dHA6Ly93d3cudzMub3JnLzIwMDAvc3ZnIiB2aWV3Qm94PSIwIDAgNjQgNjQiPjxkZWZzPjxzdHlsZT4uY2xzLTEsLmNscy0yLC5jbHMtOHtmaWxsOiMyOTgwYjk7fS5jbHMtMSwuY2xzLTJ7c3Ryb2tlOiMyOTgwYjk7c3Ryb2tlLWxpbmVqb2luOnJvdW5kO30uY2xzLTJ7c3Ryb2tlLWxpbmVjYXA6cm91bmQ7c3Ryb2tlLXdpZHRoOjJweDt9LmNscy0zLC5jbHMtNntmaWxsOiNmMGVjYjY7fS5jbHMtNHtmaWxsOiNjMThmMzY7fS5jbHMtNXtvcGFjaXR5OjAuODt9LmNscy02e3N0cm9rZTojYzE4ZjM2O3N0cm9rZS1taXRlcmxpbWl0OjEwO30uY2xzLTd7ZmlsbDojYWRkZmYzO308L3N0eWxlPjwvZGVmcz48dGl0bGU+ZXhfc2NhbjwvdGl0bGU+PHBvbHlnb24gY2xhc3M9ImNscy0xIiBwb2ludHM9IjkuMDYgNTAuNzggNS41OCA0Ni4xNCAxMi41NCA0Ni4xNCA5LjA2IDUwLjc4Ii8+PGxpbmUgY2xhc3M9ImNscy0yIiB4MT0iOS4wNiIgeTE9IjQ2Ljc3IiB4Mj0iOS4wNiIgeTI9IjE1LjgiLz48cGF0aCBjbGFzcz0iY2xzLTMiIGQ9Ik0xOC40Myw1Ny40N2MtMS4zOCwwLTEuNS0uMTItMS41LTEuNVYxNS41M2g0MVY1NmMwLDEuMzgtLjEyLDEuNS0xLjUsMS41WiIvPjxwYXRoIGNsYXNzPSJjbHMtNCIgZD0iTTU3LjQxLDE2VjU2YTMuNzEsMy43MSwwLDAsMS0uMDcuOSwyLjE2LDIuMTYsMCwwLDEtLjkzLjFoLTM4YTMuNTQsMy41NCwwLDAsMS0uOS0uMDdoMGEyLjE2LDIuMTYsMCwwLDEtLjEtLjkzVjE2aDQwbTEtMWgtNDJWNTZjMCwxLjY1LjM1LDIsMiwyaDM4YzEuNjUsMCwyLS4zNSwyLTJWMTVaIi8+PGcgY2xhc3M9ImNscy01Ij48bGluZSBjbGFzcz0iY2xzLTYiIHgxPSIyNS4xMyIgeTE9IjU2Ljk3IiB4Mj0iMjUuMTMiIHkyPSIxNS45NyIvPjxsaW5lIGNsYXNzPSJjbHMtNiIgeDE9IjQxLjUyIiB5MT0iNTYuOTciIHgyPSI0MS41MiIgeTI9IjE1Ljk3Ii8+PGxpbmUgY2xhc3M9ImNscy02IiB4MT0iMzMuMzIiIHkxPSI1Ni45NyIgeDI9IjMzLjMyIiB5Mj0iMTUuOTciLz48bGluZSBjbGFzcz0iY2xzLTYiIHgxPSI0OS43MiIgeTE9IjU2Ljk3IiB4Mj0iNDkuNzIiIHkyPSIxNS45NyIvPjxsaW5lIGNsYXNzPSJjbHMtNiIgeDE9IjE3LjQyIiB5MT0iMjMuOTciIHgyPSI1Ny40IiB5Mj0iMjMuOTciLz48bGluZSBjbGFzcz0iY2xzLTYiIHgxPSIxNy40MiIgeTE9IjMyLjM0IiB4Mj0iNTcuNCIgeTI9IjMyLjM0Ii8+PGxpbmUgY2xhc3M9ImNscy02IiB4MT0iMTcuNDIiIHkxPSI0MC43MSIgeDI9IjU3LjQiIHkyPSI0MC43MSIvPjxsaW5lIGNsYXNzPSJjbHMtNiIgeDE9IjE3LjQyIiB5MT0iNDkuMDgiIHgyPSI1Ny40IiB5Mj0iNDkuMDgiLz48L2c+PHBhdGggY2xhc3M9ImNscy03IiBkPSJNNDkuNzMsMTUuNTN2LTloNi42OWMxLjM3LDAsMS41LjEyLDEuNSwxLjV2Ny41WiIvPjxwYXRoIGNsYXNzPSJjbHMtOCIgZD0iTTU2LjQyLDdhMy41NCwzLjU0LDAsMCwxLC45LjA3aDBhMi4xNiwyLjE2LDAsMCwxLC4xLjkzdjdINTAuMjNWN2g2LjE5bTAtMUg0OS4yM1YxNmg5LjE5VjhjMC0xLjY1LS4zNS0yLTItMloiLz48cGF0aCBjbGFzcz0iY2xzLTciIGQ9Ik0xNi45MiwxNS41M1Y4YzAtMS4zOC4xMy0xLjUsMS41LTEuNWg2Ljd2OVoiLz48cGF0aCBjbGFzcz0iY2xzLTgiIGQ9Ik0yNC42Miw3djhoLTcuMlY4YTMuMTgsMy4xOCwwLDAsMSwuMDgtLjksMi4wOCwyLjA4LDAsMCwxLC45Mi0uMWg2LjJtMS0xaC03LjJjLTEuNjUsMC0yLC4zNS0yLDJ2OGg5LjJWNloiLz48cmVjdCBjbGFzcz0iY2xzLTciIHg9IjQxLjUyIiB5PSI2LjUzIiB3aWR0aD0iOC4xOSIgaGVpZ2h0PSI5Ii8+PHBhdGggY2xhc3M9ImNscy04IiBkPSJNNDkuMjEsN3Y4SDQyVjdoNy4xOW0xLTFINDFWMTZoOS4xOVY2WiIvPjxyZWN0IGNsYXNzPSJjbHMtNyIgeD0iMzMuMzMiIHk9IjYuNTMiIHdpZHRoPSI4LjE5IiBoZWlnaHQ9IjkiLz48cGF0aCBjbGFzcz0iY2xzLTgiIGQ9Ik00MSw3djhIMzMuODNWN0g0MW0xLTFIMzIuODNWMTZINDJWNloiLz48cmVjdCBjbGFzcz0iY2xzLTciIHg9IjI1LjE0IiB5PSI2LjUzIiB3aWR0aD0iOC4xNyIgaGVpZ2h0PSI5Ii8+PHBhdGggY2xhc3M9ImNscy04IiBkPSJNMzIuODEsN3Y4SDI1LjY0VjdoNy4xN20xLTFIMjQuNjRWMTZoOS4xN1Y2WiIvPjwvc3ZnPg==" preserveAspectRatio="none" x="650" y="690" width="50" height="50" style="cursor:pointer"><title>Node Type: Seq Scan
Parent Relationship: Outer
Parallel Aware: false
Async Capable: false
Relation Name: trabajador
Alias: tra
Startup Cost: 0
Total Cost: 1.05
Plan Rows: 5
Plan Width: 208
Actual Startup Time: 0.01
Actual Total Time: 0.01
Actual Rows: 5
Actual Loops: 1
loops: 1
inclusive: 0.01
exclusive: 0.01
inclusive_factor: 0.00007809022544648087
inclusive_flag: 1
rowsx: 1
rowsx_direction: positive
rowsx_flag: 1
exclusive_factor: 0.00007809022544648087
exclusive_flag: 1
</title></image><text x="680" y="760" fill="rgba(0, 0, 0, 0.87)" style="font-size:15px;text-anchor:middle"><tspan>trabajador</tspan></text><line x1="725" x2="788.3333333333334" y1="715" y2="715" stroke="rgba(0, 0, 0, 0.87)" stroke-width="3"></line><line x1="787.3333333333334" x2="851.6666666666666" y1="715" y2="715" stroke="rgba(0, 0, 0, 0.87)" stroke-width="3"></line><line x1="851.6666666666666" x2="915" y1="715" y2="715" stroke="rgba(0, 0, 0, 0.87)" stroke-width="3" style="marker-end:url(&quot;#arr66&quot;)"></line></g></g></svg>